\BOOKMARK [0][-]{chapter*.1}{Contents}{}% 1
\BOOKMARK [0][-]{chapter*.2}{List of Tables}{}% 2
\BOOKMARK [0][-]{chapter*.3}{List of Figures}{}% 3
\BOOKMARK [0][-]{chapter*.4}{List of Abbreviations}{}% 4
\BOOKMARK [0][-]{chapter*.5}{List of Nomenclatures}{}% 5
\BOOKMARK [0][-]{chapter*.6}{List of Publications}{}% 6
\BOOKMARK [0][-]{chapter.1}{Introduction}{}% 7
\BOOKMARK [1][-]{section.1.1}{Context and motivation}{chapter.1}% 8
\BOOKMARK [1][-]{section.1.2}{Methodology and contributions}{chapter.1}% 9
\BOOKMARK [1][-]{section.1.3}{Organization of the thesis}{chapter.1}% 10
\BOOKMARK [0][-]{chapter.2}{State of the art}{}% 11
\BOOKMARK [1][-]{section.2.1}{IoT use cases bregellhardware2015}{chapter.2}% 12
\BOOKMARK [2][-]{subsection.2.1.1}{Transportation and logistics}{section.2.1}% 13
\BOOKMARK [2][-]{subsection.2.1.2}{Healthcare}{section.2.1}% 14
\BOOKMARK [2][-]{subsection.2.1.3}{Smart environnement}{section.2.1}% 15
\BOOKMARK [2][-]{subsection.2.1.4}{personal and social}{section.2.1}% 16
\BOOKMARK [2][-]{subsection.2.1.5}{Futuristic}{section.2.1}% 17
\BOOKMARK [2][-]{subsection.2.1.6}{Summary and discussion}{section.2.1}% 18
\BOOKMARK [1][-]{section.2.2}{IoT Sensors}{chapter.2}% 19
\BOOKMARK [2][-]{subsection.2.2.1}{Software platform}{section.2.2}% 20
\BOOKMARK [3][-]{subsubsection.2.2.1.1}{Contiki}{subsection.2.2.1}% 21
\BOOKMARK [3][-]{subsubsection.2.2.1.2}{RIOT}{subsection.2.2.1}% 22
\BOOKMARK [3][-]{subsubsection.2.2.1.3}{TinyOS}{subsection.2.2.1}% 23
\BOOKMARK [3][-]{subsubsection.2.2.1.4}{freeRTOS}{subsection.2.2.1}% 24
\BOOKMARK [3][-]{subsubsection.2.2.1.5}{SDN platforms}{subsection.2.2.1}% 25
\BOOKMARK [3][-]{subsubsection.2.2.1.6}{Summary and conclusion}{subsection.2.2.1}% 26
\BOOKMARK [2][-]{subsection.2.2.2}{Hardware platform}{section.2.2}% 27
\BOOKMARK [3][-]{subsubsection.2.2.2.1}{Processing Unit}{subsection.2.2.2}% 28
\BOOKMARK [4][-]{paragraph.2.2.2.1.1}{OpenMote}{subsubsection.2.2.2.1}% 29
\BOOKMARK [4][-]{paragraph.2.2.2.1.2}{MSB430-H}{subsubsection.2.2.2.1}% 30
\BOOKMARK [4][-]{paragraph.2.2.2.1.3}{Zolertia}{subsubsection.2.2.2.1}% 31
\BOOKMARK [3][-]{subsubsection.2.2.2.2}{Radio Unit}{subsection.2.2.2}% 32
\BOOKMARK [4][-]{paragraph.2.2.2.2.1}{Lora Tranceiver}{subsubsection.2.2.2.2}% 33
\BOOKMARK [3][-]{subsubsection.2.2.2.3}{Sensing Unit}{subsection.2.2.2}% 34
\BOOKMARK [4][-]{paragraph.2.2.2.3.1}{GPS}{subsubsection.2.2.2.3}% 35
\BOOKMARK [4][-]{paragraph.2.2.2.3.2}{Humidity}{subsubsection.2.2.2.3}% 36
\BOOKMARK [4][-]{paragraph.2.2.2.3.3}{Temperature}{subsubsection.2.2.2.3}% 37
\BOOKMARK [2][-]{subsection.2.2.3}{Summary and discussion}{section.2.2}% 38
\BOOKMARK [1][-]{section.2.3}{IoT Communication protocols}{chapter.2}% 39
\BOOKMARK [2][-]{subsection.2.3.1}{Application}{section.2.3}% 40
\BOOKMARK [3][-]{subsubsection.2.3.1.1}{LwM2M}{subsection.2.3.1}% 41
\BOOKMARK [3][-]{subsubsection.2.3.1.2}{CBOR}{subsection.2.3.1}% 42
\BOOKMARK [3][-]{subsubsection.2.3.1.3}{DTLS}{subsection.2.3.1}% 43
\BOOKMARK [3][-]{subsubsection.2.3.1.4}{OSCOAP}{subsection.2.3.1}% 44
\BOOKMARK [3][-]{subsubsection.2.3.1.5}{COAP \(COnstrained Application Protocol\)}{subsection.2.3.1}% 45
\BOOKMARK [4][-]{paragraph.2.3.1.5.1}{Overview}{subsubsection.2.3.1.5}% 46
\BOOKMARK [4][-]{paragraph.2.3.1.5.2}{Coap Methods}{subsubsection.2.3.1.5}% 47
\BOOKMARK [4][-]{paragraph.2.3.1.5.3}{Coap Transactions}{subsubsection.2.3.1.5}% 48
\BOOKMARK [4][-]{paragraph.2.3.1.5.4}{Coap Messages}{subsubsection.2.3.1.5}% 49
\BOOKMARK [3][-]{subsubsection.2.3.1.6}{MQTT}{subsection.2.3.1}% 50
\BOOKMARK [3][-]{subsubsection.2.3.1.7}{XMPP}{subsection.2.3.1}% 51
\BOOKMARK [3][-]{subsubsection.2.3.1.8}{AMQP}{subsection.2.3.1}% 52
\BOOKMARK [3][-]{subsubsection.2.3.1.9}{DDS}{subsection.2.3.1}% 53
\BOOKMARK [3][-]{subsubsection.2.3.1.10}{mDNS}{subsection.2.3.1}% 54
\BOOKMARK [2][-]{subsection.2.3.2}{Network}{section.2.3}% 55
\BOOKMARK [3][-]{subsubsection.2.3.2.1}{6TiSCH}{subsection.2.3.2}% 56
\BOOKMARK [3][-]{subsubsection.2.3.2.2}{OLSRv2}{subsection.2.3.2}% 57
\BOOKMARK [3][-]{subsubsection.2.3.2.3}{AODVv2}{subsection.2.3.2}% 58
\BOOKMARK [3][-]{subsubsection.2.3.2.4}{LoRaWAN}{subsection.2.3.2}% 59
\BOOKMARK [3][-]{subsubsection.2.3.2.5}{ROHC}{subsection.2.3.2}% 60
\BOOKMARK [3][-]{subsubsection.2.3.2.6}{IPHC}{subsection.2.3.2}% 61
\BOOKMARK [3][-]{subsubsection.2.3.2.7}{SCHC}{subsection.2.3.2}% 62
\BOOKMARK [3][-]{subsubsection.2.3.2.8}{NHC}{subsection.2.3.2}% 63
\BOOKMARK [3][-]{subsubsection.2.3.2.9}{ROLL}{subsection.2.3.2}% 64
\BOOKMARK [3][-]{subsubsection.2.3.2.10}{RPL}{subsection.2.3.2}% 65
\BOOKMARK [3][-]{subsubsection.2.3.2.11}{6LowPAN}{subsection.2.3.2}% 66
\BOOKMARK [4][-]{paragraph.2.3.2.11.1}{Characteristics}{subsubsection.2.3.2.11}% 67
\BOOKMARK [4][-]{paragraph.2.3.2.11.2}{Encapsulation Header format}{subsubsection.2.3.2.11}% 68
\BOOKMARK [4][-]{paragraph.2.3.2.11.3}{Fragment Header}{subsubsection.2.3.2.11}% 69
\BOOKMARK [4][-]{paragraph.2.3.2.11.4}{Mesh addressing header}{subsubsection.2.3.2.11}% 70
\BOOKMARK [4][-]{paragraph.2.3.2.11.5}{Header compression \(RFC4944\)}{subsubsection.2.3.2.11}% 71
\BOOKMARK [4][-]{paragraph.2.3.2.11.6}{Header compression Improved \(draft-hui-6lowpan-hc-01\)}{subsubsection.2.3.2.11}% 72
\BOOKMARK [2][-]{subsection.2.3.3}{MAC}{section.2.3}% 73
\BOOKMARK [3][-]{subsubsection.2.3.3.1}{Sharing the channel}{subsection.2.3.3}% 74
\BOOKMARK [4][-]{paragraph.2.3.3.1.1}{TDMA, FDMA, CDMA, TSMA}{subsubsection.2.3.3.1}% 75
\BOOKMARK [3][-]{subsubsection.2.3.3.2}{Transmitting information}{subsection.2.3.3}% 76
\BOOKMARK [4][-]{paragraph.2.3.3.2.1}{TFDM, TDSSS, TFHSS}{subsubsection.2.3.3.2}% 77
\BOOKMARK [2][-]{subsection.2.3.4}{Radio}{section.2.3}% 78
\BOOKMARK [3][-]{subsubsection.2.3.4.1}{Digital modulation}{subsection.2.3.4}% 79
\BOOKMARK [4][-]{paragraph.2.3.4.1.1}{ASK, APSK, CPM, FSK, MFSK, MSK, OOK, PPM, PSK, QAM, SC-FDE, TCM WDM}{subsubsection.2.3.4.1}% 80
\BOOKMARK [3][-]{subsubsection.2.3.4.2}{Hierarchical modulation}{subsection.2.3.4}% 81
\BOOKMARK [4][-]{paragraph.2.3.4.2.1}{QAM, WDM}{subsubsection.2.3.4.2}% 82
\BOOKMARK [3][-]{subsubsection.2.3.4.3}{Spread spectrum}{subsection.2.3.4}% 83
\BOOKMARK [4][-]{paragraph.2.3.4.3.1}{SS, DSSS, FHSS, THSS}{subsubsection.2.3.4.3}% 84
\BOOKMARK [2][-]{subsection.2.3.5}{Summary and discussion}{section.2.3}% 85
\BOOKMARK [1][-]{section.2.4}{IoT Norms \046 Standards}{chapter.2}% 86
\BOOKMARK [2][-]{subsection.2.4.1}{SigFox}{section.2.4}% 87
\BOOKMARK [2][-]{subsection.2.4.2}{IETF}{section.2.4}% 88
\BOOKMARK [3][-]{subsubsection.2.4.2.1}{6LoWPAN}{subsection.2.4.2}% 89
\BOOKMARK [2][-]{subsection.2.4.3}{3GPP}{section.2.4}% 90
\BOOKMARK [3][-]{subsubsection.2.4.3.1}{NB-IoT}{subsection.2.4.3}% 91
\BOOKMARK [3][-]{subsubsection.2.4.3.2}{EC-GSM}{subsection.2.4.3}% 92
\BOOKMARK [3][-]{subsubsection.2.4.3.3}{e-MTC}{subsection.2.4.3}% 93
\BOOKMARK [2][-]{subsection.2.4.4}{IEEE}{section.2.4}% 94
\BOOKMARK [3][-]{subsubsection.2.4.4.1}{IEEE 802.11}{subsection.2.4.4}% 95
\BOOKMARK [3][-]{subsubsection.2.4.4.2}{IEEE 802.15.4}{subsection.2.4.4}% 96
\BOOKMARK [4][-]{paragraph.2.4.4.2.1}{Physical Layer}{subsubsection.2.4.4.2}% 97
\BOOKMARK [4][-]{paragraph.2.4.4.2.2}{Definitions}{subsubsection.2.4.4.2}% 98
\BOOKMARK [4][-]{paragraph.2.4.4.2.3}{Topologies}{subsubsection.2.4.4.2}% 99
\BOOKMARK [3][-]{subsubsection.2.4.4.3}{ZigBee}{subsection.2.4.4}% 100
\BOOKMARK [2][-]{subsection.2.4.5}{LoaraWAN}{section.2.4}% 101
\BOOKMARK [3][-]{subsubsection.2.4.5.1}{ALIANCE}{subsection.2.4.5}% 102
\BOOKMARK [4][-]{paragraph.2.4.5.1.1}{Class-A}{subsubsection.2.4.5.1}% 103
\BOOKMARK [5][-]{subparagraph.2.4.5.1.1.1}{Uplink}{paragraph.2.4.5.1.1}% 104
\BOOKMARK [5][-]{subparagraph.2.4.5.1.1.2}{Downlink}{paragraph.2.4.5.1.1}% 105
\BOOKMARK [5][-]{subparagraph.2.4.5.1.1.3}{Confirmed data}{paragraph.2.4.5.1.1}% 106
\BOOKMARK [4][-]{paragraph.2.4.5.1.2}{Class-B}{subsubsection.2.4.5.1}% 107
\BOOKMARK [5][-]{subparagraph.2.4.5.1.2.1}{Downlink}{paragraph.2.4.5.1.2}% 108
\BOOKMARK [5][-]{subparagraph.2.4.5.1.2.2}{Confirmed data}{paragraph.2.4.5.1.2}% 109
\BOOKMARK [5][-]{subparagraph.2.4.5.1.2.3}{Requirements}{paragraph.2.4.5.1.2}% 110
\BOOKMARK [4][-]{paragraph.2.4.5.1.3}{Class-C}{subsubsection.2.4.5.1}% 111
\BOOKMARK [5][-]{subparagraph.2.4.5.1.3.1}{Downlink}{paragraph.2.4.5.1.3}% 112
\BOOKMARK [5][-]{subparagraph.2.4.5.1.3.2}{Confirmed data}{paragraph.2.4.5.1.3}% 113
\BOOKMARK [3][-]{subsubsection.2.4.5.2}{SEMTECH}{subsection.2.4.5}% 114
\BOOKMARK [2][-]{subsection.2.4.6}{Divers}{section.2.4}% 115
\BOOKMARK [3][-]{subsubsection.2.4.6.1}{IPLC}{subsection.2.4.6}% 116
\BOOKMARK [3][-]{subsubsection.2.4.6.2}{BACnet}{subsection.2.4.6}% 117
\BOOKMARK [3][-]{subsubsection.2.4.6.3}{Z-WAze}{subsection.2.4.6}% 118
\BOOKMARK [3][-]{subsubsection.2.4.6.4}{Bluetooth LE}{subsection.2.4.6}% 119
\BOOKMARK [2][-]{subsection.2.4.7}{Summary and discussion}{section.2.4}% 120
\BOOKMARK [1][-]{section.2.5}{IoT SDN}{chapter.2}% 121
\BOOKMARK [2][-]{subsection.2.5.1}{Appication}{section.2.5}% 122
\BOOKMARK [2][-]{subsection.2.5.2}{Controle}{section.2.5}% 123
\BOOKMARK [2][-]{subsection.2.5.3}{Data}{section.2.5}% 124
\BOOKMARK [2][-]{subsection.2.5.4}{Summary and discussion}{section.2.5}% 125
\BOOKMARK [1][-]{section.2.6}{IoT Security}{chapter.2}% 126
\BOOKMARK [2][-]{subsection.2.6.1}{Application}{section.2.6}% 127
\BOOKMARK [3][-]{subsubsection.2.6.1.1}{MQTTS}{subsection.2.6.1}% 128
\BOOKMARK [3][-]{subsubsection.2.6.1.2}{Blockchain}{subsection.2.6.1}% 129
\BOOKMARK [2][-]{subsection.2.6.2}{Network}{section.2.6}% 130
\BOOKMARK [2][-]{subsection.2.6.3}{MAC/Radio}{section.2.6}% 131
\BOOKMARK [3][-]{subsubsection.2.6.3.1}{LoraWan}{subsection.2.6.3}% 132
\BOOKMARK [3][-]{subsubsection.2.6.3.2}{Zigbee}{subsection.2.6.3}% 133
\BOOKMARK [3][-]{subsubsection.2.6.3.3}{802.15.4}{subsection.2.6.3}% 134
\BOOKMARK [2][-]{subsection.2.6.4}{Summary and discussion}{section.2.6}% 135
\BOOKMARK [0][-]{chapter.3}{x-Testbed}{}% 136
\BOOKMARK [1][-]{section.3.1}{Introduction bregellhardware2015}{chapter.3}% 137
\BOOKMARK [2][-]{subsection.3.1.1}{problem statement}{section.3.1}% 138
\BOOKMARK [2][-]{subsection.3.1.2}{Background}{section.3.1}% 139
\BOOKMARK [2][-]{subsection.3.1.3}{Purpose \(Goal\)}{section.3.1}% 140
\BOOKMARK [2][-]{subsection.3.1.4}{Limitations}{section.3.1}% 141
\BOOKMARK [2][-]{subsection.3.1.5}{Method}{section.3.1}% 142
\BOOKMARK [1][-]{section.3.2}{Related work}{chapter.3}% 143
\BOOKMARK [1][-]{section.3.3}{Background}{chapter.3}% 144
\BOOKMARK [2][-]{subsection.3.3.1}{Hardware}{section.3.3}% 145
\BOOKMARK [2][-]{subsection.3.3.2}{Operating system}{section.3.3}% 146
\BOOKMARK [2][-]{subsection.3.3.3}{Communication protocol}{section.3.3}% 147
\BOOKMARK [2][-]{subsection.3.3.4}{Workspace and tools}{section.3.3}% 148
\BOOKMARK [1][-]{section.3.4}{Proposed ...}{chapter.3}% 149
\BOOKMARK [2][-]{subsection.3.4.1}{Drivers and firmware}{section.3.4}% 150
\BOOKMARK [2][-]{subsection.3.4.2}{CoAP server}{section.3.4}% 151
\BOOKMARK [3][-]{subsubsection.3.4.2.1}{Testing}{subsection.3.4.2}% 152
\BOOKMARK [3][-]{subsubsection.3.4.2.2}{Final prototype}{subsection.3.4.2}% 153
\BOOKMARK [1][-]{section.3.5}{Experimentation}{chapter.3}% 154
\BOOKMARK [2][-]{subsection.3.5.1}{Range}{section.3.5}% 155
\BOOKMARK [2][-]{subsection.3.5.2}{Response time}{section.3.5}% 156
\BOOKMARK [2][-]{subsection.3.5.3}{Connection speed}{section.3.5}% 157
\BOOKMARK [2][-]{subsection.3.5.4}{Power consumption}{section.3.5}% 158
\BOOKMARK [1][-]{section.3.6}{Results}{chapter.3}% 159
\BOOKMARK [2][-]{subsection.3.6.1}{Range}{section.3.6}% 160
\BOOKMARK [2][-]{subsection.3.6.2}{Response time}{section.3.6}% 161
\BOOKMARK [2][-]{subsection.3.6.3}{Connection speed}{section.3.6}% 162
\BOOKMARK [2][-]{subsection.3.6.4}{Power consumption}{section.3.6}% 163
\BOOKMARK [2][-]{subsection.3.6.5}{Project execution}{section.3.6}% 164
\BOOKMARK [1][-]{section.3.7}{Discussion}{chapter.3}% 165
\BOOKMARK [0][-]{chapter.4}{x-Sentilo}{}% 166
\BOOKMARK [1][-]{section.4.1}{Introduction joseignaciocontiki2016}{chapter.4}% 167
\BOOKMARK [2][-]{subsection.4.1.1}{Problem Statement}{section.4.1}% 168
\BOOKMARK [2][-]{subsection.4.1.2}{Background}{section.4.1}% 169
\BOOKMARK [2][-]{subsection.4.1.3}{Purpose \(Goal\)}{section.4.1}% 170
\BOOKMARK [2][-]{subsection.4.1.4}{Limitations}{section.4.1}% 171
\BOOKMARK [2][-]{subsection.4.1.5}{Method}{section.4.1}% 172
\BOOKMARK [1][-]{section.4.2}{Related work}{chapter.4}% 173
\BOOKMARK [1][-]{section.4.3}{Background}{chapter.4}% 174
\BOOKMARK [1][-]{section.4.4}{Proposed}{chapter.4}% 175
\BOOKMARK [2][-]{subsection.4.4.1}{Definitions}{section.4.4}% 176
\BOOKMARK [2][-]{subsection.4.4.2}{Sentilo Architecture}{section.4.4}% 177
\BOOKMARK [3][-]{subsubsection.4.4.2.1}{PubSub Server}{subsection.4.4.2}% 178
\BOOKMARK [3][-]{subsubsection.4.4.2.2}{Web Catalog Application}{subsection.4.4.2}% 179
\BOOKMARK [3][-]{subsubsection.4.4.2.3}{Extensions \(Agents\)}{subsection.4.4.2}% 180
\BOOKMARK [2][-]{subsection.4.4.3}{Sentilo structure}{section.4.4}% 181
\BOOKMARK [2][-]{subsection.4.4.4}{Sentilo API}{section.4.4}% 182
\BOOKMARK [1][-]{section.4.5}{Experimentation}{chapter.4}% 183
\BOOKMARK [2][-]{subsection.4.5.1}{Sensor Network}{section.4.5}% 184
\BOOKMARK [3][-]{subsubsection.4.5.1.1}{Border Router}{subsection.4.5.1}% 185
\BOOKMARK [3][-]{subsubsection.4.5.1.2}{Nodes}{subsection.4.5.1}% 186
\BOOKMARK [2][-]{subsection.4.5.2}{Network connector}{section.4.5}% 187
\BOOKMARK [3][-]{subsubsection.4.5.2.1}{Application workflow}{subsection.4.5.2}% 188
\BOOKMARK [3][-]{subsubsection.4.5.2.2}{Sensor registration}{subsection.4.5.2}% 189
\BOOKMARK [3][-]{subsubsection.4.5.2.3}{Sensor data publish}{subsection.4.5.2}% 190
\BOOKMARK [1][-]{section.4.6}{Results}{chapter.4}% 191
\BOOKMARK [2][-]{subsection.4.6.1}{Range}{section.4.6}% 192
\BOOKMARK [2][-]{subsection.4.6.2}{Response time}{section.4.6}% 193
\BOOKMARK [2][-]{subsection.4.6.3}{Connection speed}{section.4.6}% 194
\BOOKMARK [2][-]{subsection.4.6.4}{Power consumption}{section.4.6}% 195
\BOOKMARK [1][-]{section.4.7}{Discussion}{chapter.4}% 196
\BOOKMARK [2][-]{subsection.4.7.1}{Future lines of work}{section.4.7}% 197
\BOOKMARK [0][-]{chapter.5}{x-Long paper}{}% 198
\BOOKMARK [1][-]{section.5.1}{Introduction}{chapter.5}% 199
\BOOKMARK [1][-]{section.5.2}{Related work}{chapter.5}% 200
\BOOKMARK [2][-]{subsection.5.2.1}{LoRa Overview}{section.5.2}% 201
\BOOKMARK [3][-]{subsubsection.5.2.1.1}{Bandwidth \(BW\):}{subsection.5.2.1}% 202
\BOOKMARK [3][-]{subsubsection.5.2.1.2}{Carrier Frequency \(CF\):}{subsection.5.2.1}% 203
\BOOKMARK [3][-]{subsubsection.5.2.1.3}{Coding Rate \(CR\):}{subsection.5.2.1}% 204
\BOOKMARK [3][-]{subsubsection.5.2.1.4}{Spreading Factor \(SF\):}{subsection.5.2.1}% 205
\BOOKMARK [2][-]{subsection.5.2.2}{From Experimental Measurements to Simulations}{section.5.2}% 206
\BOOKMARK [2][-]{subsection.5.2.3}{LoRa Evaluation and Limits}{section.5.2}% 207
\BOOKMARK [2][-]{subsection.5.2.4}{LoRa Network Deployment Strategies}{section.5.2}% 208
\BOOKMARK [1][-]{section.5.3}{Background}{chapter.5}% 209
\BOOKMARK [1][-]{section.5.4}{Approach}{chapter.5}% 210
\BOOKMARK [2][-]{subsection.5.4.1}{Spectrum}{section.5.4}% 211
\BOOKMARK [2][-]{subsection.5.4.2}{LoRa Modulation}{section.5.4}% 212
\BOOKMARK [2][-]{subsection.5.4.3}{Spreading Factors Orthogonality}{section.5.4}% 213
\BOOKMARK [2][-]{subsection.5.4.4}{LoRa SX1276 and SX1301 Transceivers}{section.5.4}% 214
\BOOKMARK [2][-]{subsection.5.4.5}{MAC and Application Layers}{section.5.4}% 215
\BOOKMARK [2][-]{subsection.5.4.6}{Deployment Scenarios}{section.5.4}% 216
\BOOKMARK [1][-]{section.5.5}{Experimentation}{chapter.5}% 217
\BOOKMARK [1][-]{section.5.6}{Results exploitation}{chapter.5}% 218
\BOOKMARK [2][-]{subsection.5.6.1}{Deployment Scenarios and Assumptions}{section.5.6}% 219
\BOOKMARK [2][-]{subsection.5.6.2}{Homogeneous Deployments Scenarios}{section.5.6}% 220
\BOOKMARK [2][-]{subsection.5.6.3}{Heterogeneous vs. Homogeneous Deployment Scenarios}{section.5.6}% 221
\BOOKMARK [2][-]{subsection.5.6.4}{Application Period and Packet Duration vs. ERC Regulations}{section.5.6}% 222
\BOOKMARK [1][-]{section.5.7}{Conclusion}{chapter.5}% 223
\BOOKMARK [0][-]{chapter.6}{Genetic Algorithm For LoRa Transmission Parameter Selection}{}% 224
\BOOKMARK [1][-]{section.6.1}{Introduction}{chapter.6}% 225
\BOOKMARK [1][-]{section.6.2}{Related work}{chapter.6}% 226
\BOOKMARK [1][-]{section.6.3}{Proposed Framework}{chapter.6}% 227
\BOOKMARK [1][-]{section.6.4}{Experimentation}{chapter.6}% 228
\BOOKMARK [1][-]{section.6.5}{Discussion}{chapter.6}% 229
\BOOKMARK [0][-]{chapter.7}{Emergency Evacuation System With LoRa and IEEE.802.15.4 Technologies in a Disaster Use Case}{}% 230
\BOOKMARK [1][-]{section.7.1}{Introduction}{chapter.7}% 231
\BOOKMARK [1][-]{section.7.2}{Related work}{chapter.7}% 232
\BOOKMARK [1][-]{section.7.3}{Background}{chapter.7}% 233
\BOOKMARK [1][-]{section.7.4}{Architecture}{chapter.7}% 234
\BOOKMARK [1][-]{section.7.5}{Conclusion}{chapter.7}% 235
\BOOKMARK [0][-]{chapter.8}{Template}{}% 236
\BOOKMARK [1][-]{section.8.1}{Introduction}{chapter.8}% 237
\BOOKMARK [1][-]{section.8.2}{Related work}{chapter.8}% 238
\BOOKMARK [1][-]{section.8.3}{Background}{chapter.8}% 239
\BOOKMARK [2][-]{subsection.8.3.1}{Hardware}{section.8.3}% 240
\BOOKMARK [2][-]{subsection.8.3.2}{Operating system}{section.8.3}% 241
\BOOKMARK [2][-]{subsection.8.3.3}{Communication protocol}{section.8.3}% 242
\BOOKMARK [2][-]{subsection.8.3.4}{Workspace and tools}{section.8.3}% 243
\BOOKMARK [1][-]{section.8.4}{Approach}{chapter.8}% 244
\BOOKMARK [1][-]{section.8.5}{Experimentation}{chapter.8}% 245
\BOOKMARK [1][-]{section.8.6}{Results exploitation}{chapter.8}% 246
\BOOKMARK [2][-]{subsection.8.6.1}{Range}{section.8.6}% 247
\BOOKMARK [2][-]{subsection.8.6.2}{Response time}{section.8.6}% 248
\BOOKMARK [2][-]{subsection.8.6.3}{Connection speed}{section.8.6}% 249
\BOOKMARK [2][-]{subsection.8.6.4}{Power consumption}{section.8.6}% 250
\BOOKMARK [1][-]{section.8.7}{Conclusion}{chapter.8}% 251
\BOOKMARK [0][-]{chapter.9}{UTLC}{}% 252
\BOOKMARK [1][-]{section.9.1}{Introduction}{chapter.9}% 253
\BOOKMARK [1][-]{section.9.2}{Related work}{chapter.9}% 254
\BOOKMARK [1][-]{section.9.3}{Related work}{chapter.9}% 255
\BOOKMARK [1][-]{section.9.4}{Use Case and Model Design}{chapter.9}% 256
\BOOKMARK [2][-]{subsection.9.4.1}{Use case}{section.9.4}% 257
\BOOKMARK [2][-]{subsection.9.4.2}{Design Model}{section.9.4}% 258
\BOOKMARK [1][-]{section.9.5}{Prototyping}{chapter.9}% 259
\BOOKMARK [2][-]{subsection.9.5.1}{6LoWPAN, Contiki OS, Re-Mote and Border Router}{section.9.5}% 260
\BOOKMARK [2][-]{subsection.9.5.2}{MQTT and UBIDOTS}{section.9.5}% 261
\BOOKMARK [1][-]{section.9.6}{Results}{chapter.9}% 262
\BOOKMARK [1][-]{section.9.7}{Conclusion}{chapter.9}% 263
\BOOKMARK [0][-]{chapter.10}{Conclusion}{}% 264
\BOOKMARK [1][-]{section.10.1}{Conclusion}{chapter.10}% 265
\BOOKMARK [1][-]{section.10.2}{Perspectives}{chapter.10}% 266
\BOOKMARK [0][-]{appendix.A}{A}{}% 267
\BOOKMARK [1][-]{section.A.1}{By Papers}{appendix.A}% 268
\BOOKMARK [1][-]{section.A.2}{Service Orchestration}{appendix.A}% 269
\BOOKMARK [1][-]{section.A.3}{By Technologies}{appendix.A}% 270
\BOOKMARK [1][-]{section.A.4}{By Paquet}{appendix.A}% 271
\BOOKMARK [2][-]{subsection.A.4.1}{CoAP}{section.A.4}% 272
\BOOKMARK [2][-]{subsection.A.4.2}{MQTT}{section.A.4}% 273
\BOOKMARK [2][-]{subsection.A.4.3}{XMPP}{section.A.4}% 274
\BOOKMARK [2][-]{subsection.A.4.4}{AMQP}{section.A.4}% 275
\BOOKMARK [2][-]{subsection.A.4.5}{DDS}{section.A.4}% 276
\BOOKMARK [2][-]{subsection.A.4.6}{mDNS}{section.A.4}% 277
\BOOKMARK [2][-]{subsection.A.4.7}{Lora}{section.A.4}% 278
\BOOKMARK [1][-]{section.A.5}{By Cloud}{appendix.A}% 279
\BOOKMARK [1][-]{section.A.6}{Divers}{appendix.A}% 280
\BOOKMARK [0][-]{appendix.B}{Management}{}% 281
\BOOKMARK [1][-]{section.B.1}{Les Partenaires}{appendix.B}% 282
\BOOKMARK [2][-]{subsection.B.1.1}{Les Fun club, Clients \(Satisfaction\)}{section.B.1}% 283
\BOOKMARK [3][-]{subsubsection.B.1.1.1}{Exprime leur besoins}{subsection.B.1.1}% 284
\BOOKMARK [3][-]{subsubsection.B.1.1.2}{Exprime leur pouvoir d'achat}{subsection.B.1.1}% 285
\BOOKMARK [2][-]{subsection.B.1.2}{Les Financeurs \(La plus value\)}{section.B.1}% 286
\BOOKMARK [3][-]{subsubsection.B.1.2.1}{Investisseurs/Business angels/zinzin/Venture capitalists/}{subsection.B.1.2}% 287
\BOOKMARK [1][-]{section.B.2}{Comité de pilotage}{appendix.B}% 288
\BOOKMARK [2][-]{subsection.B.2.1}{PDG}{section.B.2}% 289
\BOOKMARK [3][-]{subsubsection.B.2.1.1}{Designer les risques internes -> le chef de projet}{subsection.B.2.1}% 290
\BOOKMARK [3][-]{subsubsection.B.2.1.2}{Designer les risques externes -> comité de pilotage \(4 max\)}{subsection.B.2.1}% 291
\BOOKMARK [3][-]{subsubsection.B.2.1.3}{Frontières: Etablir la lettre de mission}{subsection.B.2.1}% 292
\BOOKMARK [2][-]{subsection.B.2.2}{Directeur RH}{section.B.2}% 293
\BOOKMARK [2][-]{subsection.B.2.3}{Directeur de bureau d'étude}{section.B.2}% 294
\BOOKMARK [2][-]{subsection.B.2.4}{Directeur comercial}{section.B.2}% 295
\BOOKMARK [3][-]{subsubsection.B.2.4.1}{Marketing}{subsection.B.2.4}% 296
\BOOKMARK [2][-]{subsection.B.2.5}{Directeur financier}{section.B.2}% 297
\BOOKMARK [3][-]{subsubsection.B.2.5.1}{Pré d'amorçage}{subsection.B.2.5}% 298
\BOOKMARK [3][-]{subsubsection.B.2.5.2}{Capitale d'amorçage}{subsection.B.2.5}% 299
\BOOKMARK [3][-]{subsubsection.B.2.5.3}{Capitale risque}{subsection.B.2.5}% 300
\BOOKMARK [3][-]{subsubsection.B.2.5.4}{Capitale de développement}{subsection.B.2.5}% 301
\BOOKMARK [3][-]{subsubsection.B.2.5.5}{Credit relais}{subsection.B.2.5}% 302
\BOOKMARK [3][-]{subsubsection.B.2.5.6}{Introduction en bourse}{subsection.B.2.5}% 303
\BOOKMARK [2][-]{subsection.B.2.6}{Directeur technique}{section.B.2}% 304
\BOOKMARK [2][-]{subsection.B.2.7}{Directeur des achats}{section.B.2}% 305
\BOOKMARK [3][-]{subsubsection.B.2.7.1}{Passation des commandes au fournisseurs}{subsection.B.2.7}% 306
\BOOKMARK [2][-]{subsection.B.2.8}{Directeur Recherche inovation et développement}{section.B.2}% 307
\BOOKMARK [1][-]{section.B.3}{Chef de projet \(Cout délai performance\)}{appendix.B}% 308
\BOOKMARK [2][-]{subsection.B.3.1}{Documents}{section.B.3}% 309
\BOOKMARK [3][-]{subsubsection.B.3.1.1}{Lire et signer la lettre de mission}{subsection.B.3.1}% 310
\BOOKMARK [3][-]{subsubsection.B.3.1.2}{Relation avec les fournisseurs}{subsection.B.3.1}% 311
\BOOKMARK [3][-]{subsubsection.B.3.1.3}{Etablir le tableau de bord Quantitatif qualitatif}{subsection.B.3.1}% 312
\BOOKMARK [2][-]{subsection.B.3.2}{Apres}{section.B.3}% 313
\BOOKMARK [3][-]{subsubsection.B.3.2.1}{Decomposer par paquet de risque -> Sous chef de projet par paquet}{subsection.B.3.2}% 314
\BOOKMARK [3][-]{subsubsection.B.3.2.2}{Constitution de l'équipe}{subsection.B.3.2}% 315
\BOOKMARK [3][-]{subsubsection.B.3.2.3}{18 dysfinctionnement majeur -> Méta-règles + lean}{subsection.B.3.2}% 316
\BOOKMARK [0][-]{appendix.C}{Plan d'affaire}{}% 317
\BOOKMARK [1][-]{section.C.1}{D'abord, une page résumé :}{appendix.C}% 318
\BOOKMARK [2][-]{subsection.C.1.1}{marché}{section.C.1}% 319
\BOOKMARK [2][-]{subsection.C.1.2}{produit / service}{section.C.1}% 320
\BOOKMARK [2][-]{subsection.C.1.3}{l'équipe}{section.C.1}% 321
\BOOKMARK [2][-]{subsection.C.1.4}{avantages de l'entreprise}{section.C.1}% 322
\BOOKMARK [2][-]{subsection.C.1.5}{objectifs visés}{section.C.1}% 323
\BOOKMARK [2][-]{subsection.C.1.6}{l'estimation et de la nature des besoins financiers}{section.C.1}% 324
\BOOKMARK [2][-]{subsection.C.1.7}{montant des fonds recherchés}{section.C.1}% 325
\BOOKMARK [2][-]{subsection.C.1.8}{la rentabilité visée}{section.C.1}% 326
\BOOKMARK [2][-]{subsection.C.1.9}{temps de retour sur capital investi}{section.C.1}% 327
\BOOKMARK [2][-]{subsection.C.1.10}{l'image visée pour l'entreprise}{section.C.1}% 328
\BOOKMARK [1][-]{section.C.2}{Présentation du projet :}{appendix.C}% 329
\BOOKMARK [2][-]{subsection.C.2.1}{Historique}{section.C.2}% 330
\BOOKMARK [2][-]{subsection.C.2.2}{Famille de produits / services}{section.C.2}% 331
\BOOKMARK [2][-]{subsection.C.2.3}{Le projet de développement : innovation, croissance externe}{section.C.2}% 332
\BOOKMARK [2][-]{subsection.C.2.4}{Création de l'entreprise : date, nom, forme juridique \(pourquoi\), brevet / licences}{section.C.2}% 333
\BOOKMARK [1][-]{section.C.3}{Le marché :}{appendix.C}% 334
\BOOKMARK [2][-]{subsection.C.3.1}{Concurrence :}{section.C.3}% 335
\BOOKMARK [3][-]{subsubsection.C.3.1.1}{Laquelle ?}{subsection.C.3.1}% 336
\BOOKMARK [3][-]{subsubsection.C.3.1.2}{Quelle place pour une entreprise différente ?}{subsection.C.3.1}% 337
\BOOKMARK [2][-]{subsection.C.3.2}{Études de marché :}{section.C.3}% 338
\BOOKMARK [3][-]{subsubsection.C.3.2.1}{Lesquelles ? Quelles sources ?}{subsection.C.3.2}% 339
\BOOKMARK [3][-]{subsubsection.C.3.2.2}{Quelle confiance leur accorder ?}{subsection.C.3.2}% 340
\BOOKMARK [3][-]{subsubsection.C.3.2.3}{Sont-elles adaptées aux produits nouveaux ?}{subsection.C.3.2}% 341
\BOOKMARK [1][-]{section.C.4}{Le produit / service :}{appendix.C}% 342
\BOOKMARK [2][-]{subsection.C.4.1}{Physique}{section.C.4}% 343
\BOOKMARK [2][-]{subsection.C.4.2}{Fonctionnelle}{section.C.4}% 344
\BOOKMARK [2][-]{subsection.C.4.3}{Technologies}{section.C.4}% 345
\BOOKMARK [2][-]{subsection.C.4.4}{Avantages par rapport à la concurrence}{section.C.4}% 346
\BOOKMARK [2][-]{subsection.C.4.5}{Maîtrise des inconvénients / risques}{section.C.4}% 347
\BOOKMARK [1][-]{section.C.5}{Propriété intellectuelle de l'innovation :}{appendix.C}% 348
\BOOKMARK [2][-]{subsection.C.5.1}{brevet \(s\)}{section.C.5}% 349
\BOOKMARK [2][-]{subsection.C.5.2}{licences exclusives ou non}{section.C.5}% 350
\BOOKMARK [2][-]{subsection.C.5.3}{savoir-faire}{section.C.5}% 351
\BOOKMARK [2][-]{subsection.C.5.4}{qui gère et contrôle la RID}{section.C.5}% 352
\BOOKMARK [2][-]{subsection.C.5.5}{annuités, plan de RID, accès à l'évolution}{section.C.5}% 353
\BOOKMARK [2][-]{subsection.C.5.6}{veille : équipe interne / externe}{section.C.5}% 354
\BOOKMARK [1][-]{section.C.6}{Les objectifs :}{appendix.C}% 355
\BOOKMARK [2][-]{subsection.C.6.1}{Coûts \(investissements / exploitation\)}{section.C.6}% 356
\BOOKMARK [2][-]{subsection.C.6.2}{Délais de conception / fabrication / durée de vie}{section.C.6}% 357
\BOOKMARK [2][-]{subsection.C.6.3}{Performances :}{section.C.6}% 358
\BOOKMARK [3][-]{subsubsection.C.6.3.1}{Parts de marché et fidélisation clientèle}{subsection.C.6.3}% 359
\BOOKMARK [3][-]{subsubsection.C.6.3.2}{Performances du produit / service}{subsection.C.6.3}% 360
\BOOKMARK [3][-]{subsubsection.C.6.3.3}{Rentabilité / ROI / Dividendes}{subsection.C.6.3}% 361
\BOOKMARK [3][-]{subsubsection.C.6.3.4}{RID, veille,}{subsection.C.6.3}% 362
\BOOKMARK [3][-]{subsubsection.C.6.3.5}{Intéressement des salariés}{subsection.C.6.3}% 363
\BOOKMARK [3][-]{subsubsection.C.6.3.6}{Communication}{subsection.C.6.3}% 364
\BOOKMARK [1][-]{section.C.7}{Les risques :}{appendix.C}% 365
\BOOKMARK [2][-]{subsection.C.7.1}{Analyse des risques internes et externes au projet}{section.C.7}% 366
\BOOKMARK [2][-]{subsection.C.7.2}{Moyens de les anticiper et de les maîtriser}{section.C.7}% 367
\BOOKMARK [2][-]{subsection.C.7.3}{Avantages du projet}{section.C.7}% 368
\BOOKMARK [2][-]{subsection.C.7.4}{Inconvénients du projet}{section.C.7}% 369
\BOOKMARK [2][-]{subsection.C.7.5}{Moyens mis en œuvre pour les assurer}{section.C.7}% 370
\BOOKMARK [1][-]{section.C.8}{L'équipe :}{appendix.C}% 371
\BOOKMARK [2][-]{subsection.C.8.1}{Les hommes-clé}{section.C.8}% 372
\BOOKMARK [2][-]{subsection.C.8.2}{L'équipe}{section.C.8}% 373
\BOOKMARK [2][-]{subsection.C.8.3}{La motivation \(intéressement, stock options, …\)}{section.C.8}% 374
\BOOKMARK [2][-]{subsection.C.8.4}{L'état d'esprit visé \(gagnant-gagnant, transparence\)}{section.C.8}% 375
\BOOKMARK [2][-]{subsection.C.8.5}{La communication interne}{section.C.8}% 376
\BOOKMARK [2][-]{subsection.C.8.6}{L'organisation interne}{section.C.8}% 377
\BOOKMARK [2][-]{subsection.C.8.7}{Dynamiser créativité et innovation}{section.C.8}% 378
\BOOKMARK [1][-]{section.C.9}{Le plan de RID :}{appendix.C}% 379
\BOOKMARK [2][-]{subsection.C.9.1}{Les hommes-clés}{section.C.9}% 380
\BOOKMARK [2][-]{subsection.C.9.2}{Le plan}{section.C.9}% 381
\BOOKMARK [2][-]{subsection.C.9.3}{L'organisation}{section.C.9}% 382
\BOOKMARK [2][-]{subsection.C.9.4}{La veille}{section.C.9}% 383
\BOOKMARK [2][-]{subsection.C.9.5}{Les coopérations et la gestion du changement}{section.C.9}% 384
\BOOKMARK [1][-]{section.C.10}{Le plan marketing :}{appendix.C}% 385
\BOOKMARK [2][-]{subsection.C.10.1}{Parts de marché et segmentation}{section.C.10}% 386
\BOOKMARK [2][-]{subsection.C.10.2}{Distribution \(Europe, régionale, locale, hors UE\)}{section.C.10}% 387
\BOOKMARK [2][-]{subsection.C.10.3}{Politique de prix}{section.C.10}% 388
\BOOKMARK [2][-]{subsection.C.10.4}{Administration des ventes}{section.C.10}% 389
\BOOKMARK [2][-]{subsection.C.10.5}{Communication : publicité, promotion, média, site Internet, réseau-relais,}{section.C.10}% 390
\BOOKMARK [2][-]{subsection.C.10.6}{Budgets commerciaux}{section.C.10}% 391
\BOOKMARK [1][-]{section.C.11}{Le plan d'industrialisation :}{appendix.C}% 392
\BOOKMARK [2][-]{subsection.C.11.1}{Qui fabrique et comment ?}{section.C.11}% 393
\BOOKMARK [2][-]{subsection.C.11.2}{Immobilisations et investissements}{section.C.11}% 394
\BOOKMARK [2][-]{subsection.C.11.3}{Sous-traitance, fournisseurs et esprit gagnant-gagnant}{section.C.11}% 395
\BOOKMARK [2][-]{subsection.C.11.4}{Sécurisation des savoir-faire}{section.C.11}% 396
\BOOKMARK [2][-]{subsection.C.11.5}{Logistique}{section.C.11}% 397
\BOOKMARK [2][-]{subsection.C.11.6}{Qualité et contrôle}{section.C.11}% 398
\BOOKMARK [1][-]{section.C.12}{La stratégie résumée :}{appendix.C}% 399
\BOOKMARK [2][-]{subsection.C.12.1}{Pourquoi la stratégie est la meilleure vis à vis des objectifs et contraintes ?}{section.C.12}% 400
\BOOKMARK [2][-]{subsection.C.12.2}{Conséquence en termes :}{section.C.12}% 401
\BOOKMARK [3][-]{subsubsection.C.12.2.1}{de structure juridique}{subsection.C.12.2}% 402
\BOOKMARK [3][-]{subsubsection.C.12.2.2}{de mode de gestion}{subsection.C.12.2}% 403
\BOOKMARK [3][-]{subsubsection.C.12.2.3}{de jalonnement et de contrôle}{subsection.C.12.2}% 404
\BOOKMARK [1][-]{section.C.13}{Le contrôle :}{appendix.C}% 405
\BOOKMARK [2][-]{subsection.C.13.1}{Mettre en place un contrôle "à zoom", ni lourd ni pesant ni inadapté ...}{section.C.13}% 406
\BOOKMARK [2][-]{subsection.C.13.2}{Pas de paralysie de l’équipe de projet}{section.C.13}% 407
\BOOKMARK [2][-]{subsection.C.13.3}{Pas de déresponsabilisation}{section.C.13}% 408
\BOOKMARK [2][-]{subsection.C.13.4}{Un tableau de bord simple}{section.C.13}% 409
\BOOKMARK [1][-]{section.C.14}{Le montage financier et juridique :}{appendix.C}% 410
\BOOKMARK [2][-]{subsection.C.14.1}{Décomposition analytique des ventes à 5 ans}{section.C.14}% 411
\BOOKMARK [2][-]{subsection.C.14.2}{Décomposition analytique effectifs et salaires / an}{section.C.14}% 412
\BOOKMARK [2][-]{subsection.C.14.3}{Charges d'exploitation / an}{section.C.14}% 413
\BOOKMARK [2][-]{subsection.C.14.4}{Immobilisations et investissements}{section.C.14}% 414
\BOOKMARK [2][-]{subsection.C.14.5}{Comptes de résultats prévisionnels}{section.C.14}% 415
\BOOKMARK [2][-]{subsection.C.14.6}{Dont Plan de financement}{section.C.14}% 416
\BOOKMARK [2][-]{subsection.C.14.7}{Et dont Bilans prévisionnels}{section.C.14}% 417
\BOOKMARK [2][-]{subsection.C.14.8}{Plan de trésorerie mensuel à 1 an}{section.C.14}% 418
\BOOKMARK [1][-]{section.C.15}{Marché visé}{appendix.C}% 419
\BOOKMARK [1][-]{section.C.16}{Produit}{appendix.C}% 420
\BOOKMARK [1][-]{section.C.17}{Equpe}{appendix.C}% 421
\BOOKMARK [1][-]{section.C.18}{Avantage de l'entreprise}{appendix.C}% 422
\BOOKMARK [1][-]{section.C.19}{Objectifs}{appendix.C}% 423
\BOOKMARK [1][-]{section.C.20}{Estimation da la nature des besoins financiers}{appendix.C}% 424
\BOOKMARK [1][-]{section.C.21}{Montant des fonds recherchés}{appendix.C}% 425
\BOOKMARK [1][-]{section.C.22}{Temps de retour sur le capital investi}{appendix.C}% 426
\BOOKMARK [1][-]{section.C.23}{Image pour l'entreprise}{appendix.C}% 427
\BOOKMARK [1][-]{section.C.24}{Objectifs quantifiers}{appendix.C}% 428
\BOOKMARK [2][-]{subsection.C.24.1}{Cout}{section.C.24}% 429
\BOOKMARK [3][-]{subsubsection.C.24.1.1}{Investissement}{subsection.C.24.1}% 430
\BOOKMARK [4][-]{paragraph.C.24.1.1.1}{Phase de mise en place}{subsubsection.C.24.1.1}% 431
\BOOKMARK [4][-]{paragraph.C.24.1.1.2}{Phase de conception}{subsubsection.C.24.1.1}% 432
\BOOKMARK [4][-]{paragraph.C.24.1.1.3}{Phase d'évolution}{subsubsection.C.24.1.1}% 433
\BOOKMARK [3][-]{subsubsection.C.24.1.2}{Maintenance}{subsection.C.24.1}% 434
\BOOKMARK [4][-]{paragraph.C.24.1.2.1}{Phase d'exploitation}{subsubsection.C.24.1.2}% 435
\BOOKMARK [4][-]{paragraph.C.24.1.2.2}{Phase de démentalement}{subsubsection.C.24.1.2}% 436
\BOOKMARK [2][-]{subsection.C.24.2}{Délais}{section.C.24}% 437
\BOOKMARK [3][-]{subsubsection.C.24.2.1}{Lancement}{subsection.C.24.2}% 438
\BOOKMARK [4][-]{paragraph.C.24.2.1.1}{Phase de mise en place}{subsubsection.C.24.2.1}% 439
\BOOKMARK [4][-]{paragraph.C.24.2.1.2}{Phase de conception}{subsubsection.C.24.2.1}% 440
\BOOKMARK [4][-]{paragraph.C.24.2.1.3}{Phase d'évolution}{subsubsection.C.24.2.1}% 441
\BOOKMARK [3][-]{subsubsection.C.24.2.2}{Durée de vie}{subsection.C.24.2}% 442
\BOOKMARK [4][-]{paragraph.C.24.2.2.1}{Phase d'exploitation}{subsubsection.C.24.2.2}% 443
\BOOKMARK [4][-]{paragraph.C.24.2.2.2}{Phase de démentalement}{subsubsection.C.24.2.2}% 444
\BOOKMARK [2][-]{subsection.C.24.3}{Performance}{section.C.24}% 445
\BOOKMARK [3][-]{subsubsection.C.24.3.1}{segmentation du marché -> Cahier des charges}{subsection.C.24.3}% 446
\BOOKMARK [1][-]{section.C.25}{Compte prévisionel}{appendix.C}% 447
