\BOOKMARK [0][-]{part.1}{1 State of the art}{}% 1
\BOOKMARK [1][-]{section.1.1}{IoT use cases bregellhardware2015}{part.1}% 2
\BOOKMARK [2][-]{subsection.1.1.1}{Transportation and logistics}{section.1.1}% 3
\BOOKMARK [2][-]{subsection.1.1.2}{Healthcare}{section.1.1}% 4
\BOOKMARK [2][-]{subsection.1.1.3}{Smart environnement}{section.1.1}% 5
\BOOKMARK [2][-]{subsection.1.1.4}{personal and social}{section.1.1}% 6
\BOOKMARK [2][-]{subsection.1.1.5}{Futuristic}{section.1.1}% 7
\BOOKMARK [2][-]{subsection.1.1.6}{Summary and discussion}{section.1.1}% 8
\BOOKMARK [1][-]{section.1.2}{IoT Sensors}{part.1}% 9
\BOOKMARK [2][-]{subsection.1.2.1}{Software platform}{section.1.2}% 10
\BOOKMARK [3][-]{subsubsection.1.2.1.1}{Contiki}{subsection.1.2.1}% 11
\BOOKMARK [3][-]{subsubsection.1.2.1.2}{RIOT}{subsection.1.2.1}% 12
\BOOKMARK [3][-]{subsubsection.1.2.1.3}{TinyOS}{subsection.1.2.1}% 13
\BOOKMARK [3][-]{subsubsection.1.2.1.4}{freeRTOS}{subsection.1.2.1}% 14
\BOOKMARK [3][-]{table.caption.12}{SDN platforms}{subsection.1.2.1}% 15
\BOOKMARK [3][-]{table.caption.16}{Summary and conclusion}{subsection.1.2.1}% 16
\BOOKMARK [2][-]{subsection.1.2.2}{Hardware platform}{section.1.2}% 17
\BOOKMARK [3][-]{subsubsection.1.2.2.1}{Processing Unit}{subsection.1.2.2}% 18
\BOOKMARK [3][-]{subsubsection.1.2.2.2}{Radio Unit}{subsection.1.2.2}% 19
\BOOKMARK [3][-]{subsubsection.1.2.2.3}{Sensing Unit}{subsection.1.2.2}% 20
\BOOKMARK [2][-]{subsection.1.2.3}{Summary and discussion}{section.1.2}% 21
\BOOKMARK [1][-]{section.1.3}{IoT Communication protocols}{part.1}% 22
\BOOKMARK [2][-]{subsection.1.3.1}{Application}{section.1.3}% 23
\BOOKMARK [3][-]{subsubsection.1.3.1.1}{LwM2M}{subsection.1.3.1}% 24
\BOOKMARK [3][-]{subsubsection.1.3.1.2}{CBOR}{subsection.1.3.1}% 25
\BOOKMARK [3][-]{subsubsection.1.3.1.3}{DTLS}{subsection.1.3.1}% 26
\BOOKMARK [3][-]{subsubsection.1.3.1.4}{OSCOAP}{subsection.1.3.1}% 27
\BOOKMARK [3][-]{subsubsection.1.3.1.5}{COAP \(COnstrained Application Protocol\)}{subsection.1.3.1}% 28
\BOOKMARK [3][-]{subsubsection.1.3.1.6}{MQTT}{subsection.1.3.1}% 29
\BOOKMARK [3][-]{subsubsection.1.3.1.7}{XMPP}{subsection.1.3.1}% 30
\BOOKMARK [3][-]{subsubsection.1.3.1.8}{AMQP}{subsection.1.3.1}% 31
\BOOKMARK [3][-]{subsubsection.1.3.1.9}{DDS}{subsection.1.3.1}% 32
\BOOKMARK [3][-]{subsubsection.1.3.1.10}{mDNS}{subsection.1.3.1}% 33
\BOOKMARK [2][-]{subsection.1.3.2}{Network}{section.1.3}% 34
\BOOKMARK [3][-]{subsubsection.1.3.2.1}{6TiSCH}{subsection.1.3.2}% 35
\BOOKMARK [3][-]{subsubsection.1.3.2.2}{OLSRv2}{subsection.1.3.2}% 36
\BOOKMARK [3][-]{subsubsection.1.3.2.3}{AODVv2}{subsection.1.3.2}% 37
\BOOKMARK [3][-]{subsubsection.1.3.2.4}{LoRaWAN}{subsection.1.3.2}% 38
\BOOKMARK [3][-]{subsubsection.1.3.2.5}{ROHC}{subsection.1.3.2}% 39
\BOOKMARK [3][-]{subsubsection.1.3.2.6}{IPHC}{subsection.1.3.2}% 40
\BOOKMARK [3][-]{subsubsection.1.3.2.7}{SCHC}{subsection.1.3.2}% 41
\BOOKMARK [3][-]{subsubsection.1.3.2.8}{NHC}{subsection.1.3.2}% 42
\BOOKMARK [3][-]{subsubsection.1.3.2.9}{ROLL}{subsection.1.3.2}% 43
\BOOKMARK [3][-]{subsubsection.1.3.2.10}{RPL}{subsection.1.3.2}% 44
\BOOKMARK [3][-]{subsubsection.1.3.2.11}{6LowPAN}{subsection.1.3.2}% 45
\BOOKMARK [2][-]{subsection.1.3.3}{MAC}{section.1.3}% 46
\BOOKMARK [3][-]{subsubsection.1.3.3.1}{Sharing the channel}{subsection.1.3.3}% 47
\BOOKMARK [3][-]{subsubsection.1.3.3.2}{Transmitting information}{subsection.1.3.3}% 48
\BOOKMARK [2][-]{subsection.1.3.4}{Radio}{section.1.3}% 49
\BOOKMARK [3][-]{subsubsection.1.3.4.1}{Digital modulation}{subsection.1.3.4}% 50
\BOOKMARK [3][-]{subsubsection.1.3.4.2}{Hierarchical modulation}{subsection.1.3.4}% 51
\BOOKMARK [3][-]{subsubsection.1.3.4.3}{Spread spectrum}{subsection.1.3.4}% 52
\BOOKMARK [2][-]{subsection.1.3.5}{Summary and discussion}{section.1.3}% 53
\BOOKMARK [1][-]{section.1.4}{IoT Norms \046 Standards}{part.1}% 54
\BOOKMARK [2][-]{subsection.1.4.1}{SigFox}{section.1.4}% 55
\BOOKMARK [2][-]{subsection.1.4.2}{IETF}{section.1.4}% 56
\BOOKMARK [3][-]{subsubsection.1.4.2.1}{6LoWPAN}{subsection.1.4.2}% 57
\BOOKMARK [2][-]{subsection.1.4.3}{3GPP}{section.1.4}% 58
\BOOKMARK [3][-]{subsubsection.1.4.3.1}{NB-IoT}{subsection.1.4.3}% 59
\BOOKMARK [3][-]{subsubsection.1.4.3.2}{EC-GSM}{subsection.1.4.3}% 60
\BOOKMARK [3][-]{subsubsection.1.4.3.3}{e-MTC}{subsection.1.4.3}% 61
\BOOKMARK [2][-]{subsection.1.4.4}{IEEE}{section.1.4}% 62
\BOOKMARK [3][-]{subsubsection.1.4.4.1}{IEEE 802.11}{subsection.1.4.4}% 63
\BOOKMARK [3][-]{subsubsection.1.4.4.2}{IEEE 802.15.4}{subsection.1.4.4}% 64
\BOOKMARK [3][-]{subsubsection.1.4.4.3}{ZigBee}{subsection.1.4.4}% 65
\BOOKMARK [2][-]{subsection.1.4.5}{LoaraWAN}{section.1.4}% 66
\BOOKMARK [3][-]{subsubsection.1.4.5.1}{ALIANCE}{subsection.1.4.5}% 67
\BOOKMARK [3][-]{figure.caption.40}{SEMTECH}{subsection.1.4.5}% 68
\BOOKMARK [2][-]{subsection.1.4.6}{Divers}{section.1.4}% 69
\BOOKMARK [3][-]{subsubsection.1.4.6.1}{IPLC}{subsection.1.4.6}% 70
\BOOKMARK [3][-]{subsubsection.1.4.6.2}{BACnet}{subsection.1.4.6}% 71
\BOOKMARK [3][-]{subsubsection.1.4.6.3}{Z-WAze}{subsection.1.4.6}% 72
\BOOKMARK [3][-]{subsubsection.1.4.6.4}{Bluetooth LE}{subsection.1.4.6}% 73
\BOOKMARK [2][-]{subsection.1.4.7}{Summary and discussion}{section.1.4}% 74
\BOOKMARK [1][-]{section.1.5}{IoT SDN}{part.1}% 75
\BOOKMARK [2][-]{subsection.1.5.1}{Appication}{section.1.5}% 76
\BOOKMARK [2][-]{subsection.1.5.2}{Controle}{section.1.5}% 77
\BOOKMARK [2][-]{subsection.1.5.3}{Data}{section.1.5}% 78
\BOOKMARK [2][-]{subsection.1.5.4}{Summary and discussion}{section.1.5}% 79
\BOOKMARK [1][-]{section.1.6}{IoT Security}{part.1}% 80
\BOOKMARK [2][-]{subsection.1.6.1}{Application}{section.1.6}% 81
\BOOKMARK [3][-]{subsubsection.1.6.1.1}{MQTTS}{subsection.1.6.1}% 82
\BOOKMARK [3][-]{subsubsection.1.6.1.2}{Blockchain}{subsection.1.6.1}% 83
\BOOKMARK [2][-]{subsection.1.6.2}{Network}{section.1.6}% 84
\BOOKMARK [2][-]{subsection.1.6.3}{MAC/Radio}{section.1.6}% 85
\BOOKMARK [3][-]{subsubsection.1.6.3.1}{LoraWan}{subsection.1.6.3}% 86
\BOOKMARK [3][-]{subsubsection.1.6.3.2}{Zigbee}{subsection.1.6.3}% 87
\BOOKMARK [3][-]{subsubsection.1.6.3.3}{802.15.4}{subsection.1.6.3}% 88
\BOOKMARK [2][-]{subsection.1.6.4}{Summary and discussion}{section.1.6}% 89
\BOOKMARK [1][-]{section.1.7}{Radio frequency performance}{part.1}% 90
\BOOKMARK [2][-]{subsection.1.7.1}{Power Level \(dB\)}{section.1.7}% 91
\BOOKMARK [2][-]{subsection.1.7.2}{Receive Signal Strength Indicator RSSI}{section.1.7}% 92
\BOOKMARK [2][-]{subsection.1.7.3}{Signal to Noise Ratio SNR}{section.1.7}% 93
\BOOKMARK [2][-]{subsection.1.7.4}{Signal Attenuation}{section.1.7}% 94
\BOOKMARK [1][-]{section.1.8}{LPWAN challenges}{part.1}% 95
\BOOKMARK [2][-]{subsection.1.8.1}{Energy autonomy}{section.1.8}% 96
\BOOKMARK [2][-]{subsection.1.8.2}{Interference control}{section.1.8}% 97
\BOOKMARK [2][-]{subsection.1.8.3}{Massive number of devices \(Scalability\)}{section.1.8}% 98
\BOOKMARK [2][-]{subsection.1.8.4}{Co-existance with other networks}{section.1.8}% 99
\BOOKMARK [2][-]{subsection.1.8.5}{Security and privacy}{section.1.8}% 100
\BOOKMARK [2][-]{subsection.1.8.6}{Hardware constraints}{section.1.8}% 101
\BOOKMARK [0][-]{part.2}{2 Genetic Algorithm For LoRa Transmission Parameter Selection}{}% 102
\BOOKMARK [1][-]{section.2.1}{Introduction}{part.2}% 103
\BOOKMARK [1][-]{section.2.2}{Related work}{part.2}% 104
\BOOKMARK [1][-]{section.2.3}{Proposed Framework}{part.2}% 105
\BOOKMARK [1][-]{section.2.4}{Experiments}{part.2}% 106
\BOOKMARK [1][-]{section.2.5}{Discussion}{part.2}% 107
\BOOKMARK [0][-]{part.3}{3 Survey Platforms}{}% 108
\BOOKMARK [1][-]{section.3.1}{By Papers ADR}{part.3}% 109
\BOOKMARK [2][-]{subsection.3.1.1}{Multi-Armed Bandit}{section.3.1}% 110
\BOOKMARK [2][-]{subsection.3.1.2}{Experiments}{section.3.1}% 111
\BOOKMARK [2][-]{subsection.3.1.3}{Fuzzy}{section.3.1}% 112
\BOOKMARK [2][-]{subsection.3.1.4}{Game}{section.3.1}% 113
\BOOKMARK [2][-]{subsection.3.1.5}{Learning}{section.3.1}% 114
\BOOKMARK [2][-]{subsection.3.1.6}{MCDM}{section.3.1}% 115
\BOOKMARK [2][-]{subsection.3.1.7}{Probability}{section.3.1}% 116
\BOOKMARK [2][-]{subsection.3.1.8}{Utility}{section.3.1}% 117
\BOOKMARK [1][-]{section.3.2}{By Papers Orchestration}{part.3}% 118
\BOOKMARK [1][-]{section.3.3}{By Technologies}{part.3}% 119
\BOOKMARK [1][-]{section.3.4}{By Paquet}{part.3}% 120
\BOOKMARK [2][-]{subsection.3.4.1}{CoAP}{section.3.4}% 121
\BOOKMARK [2][-]{subsection.3.4.2}{MQTT}{section.3.4}% 122
\BOOKMARK [2][-]{subsection.3.4.3}{XMPP}{section.3.4}% 123
\BOOKMARK [2][-]{subsection.3.4.4}{AMQP}{section.3.4}% 124
\BOOKMARK [2][-]{subsection.3.4.5}{DDS}{section.3.4}% 125
\BOOKMARK [2][-]{subsection.3.4.6}{mDNS}{section.3.4}% 126
\BOOKMARK [2][-]{subsection.3.4.7}{Lora}{section.3.4}% 127
\BOOKMARK [1][-]{section.3.5}{By Cloud}{part.3}% 128
\BOOKMARK [1][-]{section.3.6}{Divers}{part.3}% 129
