\BOOKMARK [0][-]{chapter*.1}{Abstract}{}% 1
\BOOKMARK [0][-]{chapter*.3}{Acknowledgements}{}% 2
\BOOKMARK [0][-]{chapter*.4}{Dedication}{}% 3
\BOOKMARK [0][-]{chapter*.5}{Contents}{}% 4
\BOOKMARK [0][-]{chapter*.6}{List of Tables}{}% 5
\BOOKMARK [0][-]{chapter*.7}{List of Figures}{}% 6
\BOOKMARK [0][-]{chapter*.8}{List of Abbreviations}{}% 7
\BOOKMARK [0][-]{chapter*.9}{List of Nomenclatures}{}% 8
\BOOKMARK [0][-]{chapter*.10}{List of Publications}{}% 9
\BOOKMARK [0][-]{chapter.1}{Introduction}{}% 10
\BOOKMARK [1][-]{section.1.1}{Context and motivation}{chapter.1}% 11
\BOOKMARK [1][-]{section.1.2}{Methodology and contributions}{chapter.1}% 12
\BOOKMARK [1][-]{section.1.3}{Organization of the thesis}{chapter.1}% 13
\BOOKMARK [0][-]{chapter.2}{State of the art}{}% 14
\BOOKMARK [1][-]{section.2.1}{IoT use cases bregellhardware2015}{chapter.2}% 15
\BOOKMARK [2][-]{subsection.2.1.1}{Transportation and logistics}{section.2.1}% 16
\BOOKMARK [2][-]{subsection.2.1.2}{Healthcare}{section.2.1}% 17
\BOOKMARK [2][-]{subsection.2.1.3}{Smart environnement}{section.2.1}% 18
\BOOKMARK [2][-]{subsection.2.1.4}{personal and social}{section.2.1}% 19
\BOOKMARK [2][-]{subsection.2.1.5}{Futuristic}{section.2.1}% 20
\BOOKMARK [2][-]{subsection.2.1.6}{Summary and discussion}{section.2.1}% 21
\BOOKMARK [1][-]{section.2.2}{IoT Sensors}{chapter.2}% 22
\BOOKMARK [2][-]{subsection.2.2.1}{Software platform}{section.2.2}% 23
\BOOKMARK [3][-]{subsubsection.2.2.1.1}{Contiki}{subsection.2.2.1}% 24
\BOOKMARK [3][-]{subsubsection.2.2.1.2}{RIOT}{subsection.2.2.1}% 25
\BOOKMARK [3][-]{subsubsection.2.2.1.3}{TinyOS}{subsection.2.2.1}% 26
\BOOKMARK [3][-]{subsubsection.2.2.1.4}{freeRTOS}{subsection.2.2.1}% 27
\BOOKMARK [3][-]{subsubsection.2.2.1.5}{SDN platforms}{subsection.2.2.1}% 28
\BOOKMARK [3][-]{subsubsection.2.2.1.6}{Summary and conclusion}{subsection.2.2.1}% 29
\BOOKMARK [2][-]{subsection.2.2.2}{Hardware platform}{section.2.2}% 30
\BOOKMARK [3][-]{subsubsection.2.2.2.1}{Processing Unit}{subsection.2.2.2}% 31
\BOOKMARK [4][-]{paragraph.2.2.2.1.1}{OpenMote}{subsubsection.2.2.2.1}% 32
\BOOKMARK [4][-]{paragraph.2.2.2.1.2}{MSB430-H}{subsubsection.2.2.2.1}% 33
\BOOKMARK [4][-]{paragraph.2.2.2.1.3}{Zolertia}{subsubsection.2.2.2.1}% 34
\BOOKMARK [3][-]{subsubsection.2.2.2.2}{Radio Unit}{subsection.2.2.2}% 35
\BOOKMARK [4][-]{paragraph.2.2.2.2.1}{Lora Tranceiver}{subsubsection.2.2.2.2}% 36
\BOOKMARK [3][-]{subsubsection.2.2.2.3}{Sensing Unit}{subsection.2.2.2}% 37
\BOOKMARK [4][-]{paragraph.2.2.2.3.1}{GPS}{subsubsection.2.2.2.3}% 38
\BOOKMARK [4][-]{paragraph.2.2.2.3.2}{Humidity}{subsubsection.2.2.2.3}% 39
\BOOKMARK [4][-]{paragraph.2.2.2.3.3}{Temperature}{subsubsection.2.2.2.3}% 40
\BOOKMARK [2][-]{subsection.2.2.3}{Summary and discussion}{section.2.2}% 41
\BOOKMARK [1][-]{section.2.3}{IoT Communication protocols}{chapter.2}% 42
\BOOKMARK [2][-]{subsection.2.3.1}{Application}{section.2.3}% 43
\BOOKMARK [3][-]{subsubsection.2.3.1.1}{LwM2M}{subsection.2.3.1}% 44
\BOOKMARK [3][-]{subsubsection.2.3.1.2}{CBOR}{subsection.2.3.1}% 45
\BOOKMARK [3][-]{subsubsection.2.3.1.3}{DTLS}{subsection.2.3.1}% 46
\BOOKMARK [3][-]{subsubsection.2.3.1.4}{OSCOAP}{subsection.2.3.1}% 47
\BOOKMARK [3][-]{subsubsection.2.3.1.5}{COAP \(COnstrained Application Protocol\)}{subsection.2.3.1}% 48
\BOOKMARK [4][-]{paragraph.2.3.1.5.1}{Overview}{subsubsection.2.3.1.5}% 49
\BOOKMARK [4][-]{paragraph.2.3.1.5.2}{Coap Methods}{subsubsection.2.3.1.5}% 50
\BOOKMARK [4][-]{paragraph.2.3.1.5.3}{Coap Transactions}{subsubsection.2.3.1.5}% 51
\BOOKMARK [4][-]{paragraph.2.3.1.5.4}{Coap Messages}{subsubsection.2.3.1.5}% 52
\BOOKMARK [3][-]{subsubsection.2.3.1.6}{MQTT}{subsection.2.3.1}% 53
\BOOKMARK [3][-]{subsubsection.2.3.1.7}{XMPP}{subsection.2.3.1}% 54
\BOOKMARK [3][-]{subsubsection.2.3.1.8}{AMQP}{subsection.2.3.1}% 55
\BOOKMARK [3][-]{subsubsection.2.3.1.9}{DDS}{subsection.2.3.1}% 56
\BOOKMARK [3][-]{subsubsection.2.3.1.10}{mDNS}{subsection.2.3.1}% 57
\BOOKMARK [2][-]{subsection.2.3.2}{Network}{section.2.3}% 58
\BOOKMARK [3][-]{subsubsection.2.3.2.1}{6TiSCH}{subsection.2.3.2}% 59
\BOOKMARK [3][-]{subsubsection.2.3.2.2}{OLSRv2}{subsection.2.3.2}% 60
\BOOKMARK [3][-]{subsubsection.2.3.2.3}{AODVv2}{subsection.2.3.2}% 61
\BOOKMARK [3][-]{subsubsection.2.3.2.4}{LoRaWAN}{subsection.2.3.2}% 62
\BOOKMARK [3][-]{subsubsection.2.3.2.5}{ROHC}{subsection.2.3.2}% 63
\BOOKMARK [3][-]{subsubsection.2.3.2.6}{IPHC}{subsection.2.3.2}% 64
\BOOKMARK [3][-]{subsubsection.2.3.2.7}{SCHC}{subsection.2.3.2}% 65
\BOOKMARK [3][-]{subsubsection.2.3.2.8}{NHC}{subsection.2.3.2}% 66
\BOOKMARK [3][-]{subsubsection.2.3.2.9}{ROLL}{subsection.2.3.2}% 67
\BOOKMARK [3][-]{subsubsection.2.3.2.10}{RPL}{subsection.2.3.2}% 68
\BOOKMARK [3][-]{subsubsection.2.3.2.11}{6LowPAN}{subsection.2.3.2}% 69
\BOOKMARK [4][-]{paragraph.2.3.2.11.1}{Characteristics}{subsubsection.2.3.2.11}% 70
\BOOKMARK [4][-]{paragraph.2.3.2.11.2}{Encapsulation Header format}{subsubsection.2.3.2.11}% 71
\BOOKMARK [4][-]{paragraph.2.3.2.11.3}{Fragment Header}{subsubsection.2.3.2.11}% 72
\BOOKMARK [4][-]{paragraph.2.3.2.11.4}{Mesh addressing header}{subsubsection.2.3.2.11}% 73
\BOOKMARK [4][-]{paragraph.2.3.2.11.5}{Header compression \(RFC4944\)}{subsubsection.2.3.2.11}% 74
\BOOKMARK [4][-]{paragraph.2.3.2.11.6}{Header compression Improved \(draft-hui-6lowpan-hc-01\)}{subsubsection.2.3.2.11}% 75
\BOOKMARK [2][-]{subsection.2.3.3}{MAC}{section.2.3}% 76
\BOOKMARK [3][-]{subsubsection.2.3.3.1}{Sharing the channel}{subsection.2.3.3}% 77
\BOOKMARK [4][-]{paragraph.2.3.3.1.1}{TDMA, FDMA, CDMA, TSMA}{subsubsection.2.3.3.1}% 78
\BOOKMARK [3][-]{subsubsection.2.3.3.2}{Transmitting information}{subsection.2.3.3}% 79
\BOOKMARK [4][-]{paragraph.2.3.3.2.1}{TFDM, TDSSS, TFHSS}{subsubsection.2.3.3.2}% 80
\BOOKMARK [2][-]{subsection.2.3.4}{Radio}{section.2.3}% 81
\BOOKMARK [3][-]{subsubsection.2.3.4.1}{Digital modulation}{subsection.2.3.4}% 82
\BOOKMARK [4][-]{paragraph.2.3.4.1.1}{ASK, APSK, CPM, FSK, MFSK, MSK, OOK, PPM, PSK, QAM, SC-FDE, TCM WDM}{subsubsection.2.3.4.1}% 83
\BOOKMARK [3][-]{subsubsection.2.3.4.2}{Hierarchical modulation}{subsection.2.3.4}% 84
\BOOKMARK [4][-]{paragraph.2.3.4.2.1}{QAM, WDM}{subsubsection.2.3.4.2}% 85
\BOOKMARK [3][-]{subsubsection.2.3.4.3}{Spread spectrum}{subsection.2.3.4}% 86
\BOOKMARK [4][-]{paragraph.2.3.4.3.1}{SS, DSSS, FHSS, THSS}{subsubsection.2.3.4.3}% 87
\BOOKMARK [2][-]{subsection.2.3.5}{Summary and discussion}{section.2.3}% 88
\BOOKMARK [1][-]{section.2.4}{IoT Norms \046 Standards}{chapter.2}% 89
\BOOKMARK [2][-]{subsection.2.4.1}{SigFox}{section.2.4}% 90
\BOOKMARK [2][-]{subsection.2.4.2}{IETF}{section.2.4}% 91
\BOOKMARK [3][-]{subsubsection.2.4.2.1}{6LoWPAN}{subsection.2.4.2}% 92
\BOOKMARK [2][-]{subsection.2.4.3}{3GPP}{section.2.4}% 93
\BOOKMARK [3][-]{subsubsection.2.4.3.1}{NB-IoT}{subsection.2.4.3}% 94
\BOOKMARK [3][-]{subsubsection.2.4.3.2}{EC-GSM}{subsection.2.4.3}% 95
\BOOKMARK [3][-]{subsubsection.2.4.3.3}{e-MTC}{subsection.2.4.3}% 96
\BOOKMARK [2][-]{subsection.2.4.4}{IEEE}{section.2.4}% 97
\BOOKMARK [3][-]{subsubsection.2.4.4.1}{IEEE 802.11}{subsection.2.4.4}% 98
\BOOKMARK [3][-]{subsubsection.2.4.4.2}{IEEE 802.15.4}{subsection.2.4.4}% 99
\BOOKMARK [4][-]{paragraph.2.4.4.2.1}{Physical Layer}{subsubsection.2.4.4.2}% 100
\BOOKMARK [4][-]{paragraph.2.4.4.2.2}{Definitions}{subsubsection.2.4.4.2}% 101
\BOOKMARK [4][-]{paragraph.2.4.4.2.3}{Topologies}{subsubsection.2.4.4.2}% 102
\BOOKMARK [3][-]{subsubsection.2.4.4.3}{ZigBee}{subsection.2.4.4}% 103
\BOOKMARK [2][-]{subsection.2.4.5}{LoaraWAN}{section.2.4}% 104
\BOOKMARK [3][-]{subsubsection.2.4.5.1}{ALIANCE}{subsection.2.4.5}% 105
\BOOKMARK [4][-]{paragraph.2.4.5.1.1}{Class-A}{subsubsection.2.4.5.1}% 106
\BOOKMARK [5][-]{subparagraph.2.4.5.1.1.1}{Uplink}{paragraph.2.4.5.1.1}% 107
\BOOKMARK [5][-]{subparagraph.2.4.5.1.1.2}{Downlink}{paragraph.2.4.5.1.1}% 108
\BOOKMARK [5][-]{subparagraph.2.4.5.1.1.3}{Confirmed data}{paragraph.2.4.5.1.1}% 109
\BOOKMARK [4][-]{paragraph.2.4.5.1.2}{Class-B}{subsubsection.2.4.5.1}% 110
\BOOKMARK [5][-]{subparagraph.2.4.5.1.2.1}{Downlink}{paragraph.2.4.5.1.2}% 111
\BOOKMARK [5][-]{subparagraph.2.4.5.1.2.2}{Confirmed data}{paragraph.2.4.5.1.2}% 112
\BOOKMARK [5][-]{subparagraph.2.4.5.1.2.3}{Requirements}{paragraph.2.4.5.1.2}% 113
\BOOKMARK [4][-]{paragraph.2.4.5.1.3}{Class-C}{subsubsection.2.4.5.1}% 114
\BOOKMARK [5][-]{subparagraph.2.4.5.1.3.1}{Downlink}{paragraph.2.4.5.1.3}% 115
\BOOKMARK [5][-]{subparagraph.2.4.5.1.3.2}{Confirmed data}{paragraph.2.4.5.1.3}% 116
\BOOKMARK [3][-]{subsubsection.2.4.5.2}{SEMTECH}{subsection.2.4.5}% 117
\BOOKMARK [2][-]{subsection.2.4.6}{Divers}{section.2.4}% 118
\BOOKMARK [3][-]{subsubsection.2.4.6.1}{IPLC}{subsection.2.4.6}% 119
\BOOKMARK [3][-]{subsubsection.2.4.6.2}{BACnet}{subsection.2.4.6}% 120
\BOOKMARK [3][-]{subsubsection.2.4.6.3}{Z-WAze}{subsection.2.4.6}% 121
\BOOKMARK [3][-]{subsubsection.2.4.6.4}{Bluetooth LE}{subsection.2.4.6}% 122
\BOOKMARK [2][-]{subsection.2.4.7}{Summary and discussion}{section.2.4}% 123
\BOOKMARK [1][-]{section.2.5}{IoT SDN}{chapter.2}% 124
\BOOKMARK [2][-]{subsection.2.5.1}{Appication}{section.2.5}% 125
\BOOKMARK [2][-]{subsection.2.5.2}{Controle}{section.2.5}% 126
\BOOKMARK [2][-]{subsection.2.5.3}{Data}{section.2.5}% 127
\BOOKMARK [2][-]{subsection.2.5.4}{Summary and discussion}{section.2.5}% 128
\BOOKMARK [1][-]{section.2.6}{IoT Security}{chapter.2}% 129
\BOOKMARK [2][-]{subsection.2.6.1}{Application}{section.2.6}% 130
\BOOKMARK [3][-]{subsubsection.2.6.1.1}{MQTTS}{subsection.2.6.1}% 131
\BOOKMARK [3][-]{subsubsection.2.6.1.2}{Blockchain}{subsection.2.6.1}% 132
\BOOKMARK [2][-]{subsection.2.6.2}{Network}{section.2.6}% 133
\BOOKMARK [2][-]{subsection.2.6.3}{MAC/Radio}{section.2.6}% 134
\BOOKMARK [3][-]{subsubsection.2.6.3.1}{LoraWan}{subsection.2.6.3}% 135
\BOOKMARK [3][-]{subsubsection.2.6.3.2}{Zigbee}{subsection.2.6.3}% 136
\BOOKMARK [3][-]{subsubsection.2.6.3.3}{802.15.4}{subsection.2.6.3}% 137
\BOOKMARK [2][-]{subsection.2.6.4}{Summary and discussion}{section.2.6}% 138
\BOOKMARK [0][-]{chapter.3}{x-Testbed}{}% 139
\BOOKMARK [1][-]{section.3.1}{Introduction bregellhardware2015}{chapter.3}% 140
\BOOKMARK [2][-]{subsection.3.1.1}{Problem Statement}{section.3.1}% 141
\BOOKMARK [2][-]{subsection.3.1.2}{Background}{section.3.1}% 142
\BOOKMARK [2][-]{subsection.3.1.3}{Purpose \(Goal\)}{section.3.1}% 143
\BOOKMARK [2][-]{subsection.3.1.4}{Limitations}{section.3.1}% 144
\BOOKMARK [2][-]{subsection.3.1.5}{Method}{section.3.1}% 145
\BOOKMARK [1][-]{section.3.2}{Related work}{chapter.3}% 146
\BOOKMARK [1][-]{section.3.3}{Background}{chapter.3}% 147
\BOOKMARK [2][-]{subsection.3.3.1}{Hardware}{section.3.3}% 148
\BOOKMARK [2][-]{subsection.3.3.2}{Operating system}{section.3.3}% 149
\BOOKMARK [2][-]{subsection.3.3.3}{Communication protocol}{section.3.3}% 150
\BOOKMARK [2][-]{subsection.3.3.4}{Workspace and tools}{section.3.3}% 151
\BOOKMARK [1][-]{section.3.4}{Proposed ...}{chapter.3}% 152
\BOOKMARK [2][-]{subsection.3.4.1}{Drivers and firmware}{section.3.4}% 153
\BOOKMARK [2][-]{subsection.3.4.2}{CoAP server}{section.3.4}% 154
\BOOKMARK [3][-]{subsubsection.3.4.2.1}{Testing}{subsection.3.4.2}% 155
\BOOKMARK [3][-]{subsubsection.3.4.2.2}{Final prototype}{subsection.3.4.2}% 156
\BOOKMARK [1][-]{section.3.5}{Experimentation}{chapter.3}% 157
\BOOKMARK [2][-]{subsection.3.5.1}{Range}{section.3.5}% 158
\BOOKMARK [2][-]{subsection.3.5.2}{Response time}{section.3.5}% 159
\BOOKMARK [2][-]{subsection.3.5.3}{Connection speed}{section.3.5}% 160
\BOOKMARK [2][-]{subsection.3.5.4}{Power consumption}{section.3.5}% 161
\BOOKMARK [1][-]{section.3.6}{Results}{chapter.3}% 162
\BOOKMARK [2][-]{subsection.3.6.1}{Range}{section.3.6}% 163
\BOOKMARK [2][-]{subsection.3.6.2}{Response time}{section.3.6}% 164
\BOOKMARK [2][-]{subsection.3.6.3}{Connection speed}{section.3.6}% 165
\BOOKMARK [2][-]{subsection.3.6.4}{Power consumption}{section.3.6}% 166
\BOOKMARK [2][-]{subsection.3.6.5}{Project execution}{section.3.6}% 167
\BOOKMARK [1][-]{section.3.7}{Discussion}{chapter.3}% 168
\BOOKMARK [0][-]{chapter.4}{x-Sentilo}{}% 169
\BOOKMARK [1][-]{section.4.1}{Introduction joseignaciocontiki2016}{chapter.4}% 170
\BOOKMARK [2][-]{subsection.4.1.1}{Problem Statement}{section.4.1}% 171
\BOOKMARK [2][-]{subsection.4.1.2}{Background}{section.4.1}% 172
\BOOKMARK [2][-]{subsection.4.1.3}{Purpose \(Goal\)}{section.4.1}% 173
\BOOKMARK [2][-]{subsection.4.1.4}{Limitations}{section.4.1}% 174
\BOOKMARK [2][-]{subsection.4.1.5}{Method}{section.4.1}% 175
\BOOKMARK [1][-]{section.4.2}{Related work}{chapter.4}% 176
\BOOKMARK [1][-]{section.4.3}{Background}{chapter.4}% 177
\BOOKMARK [1][-]{section.4.4}{Proposed}{chapter.4}% 178
\BOOKMARK [2][-]{subsection.4.4.1}{Definitions}{section.4.4}% 179
\BOOKMARK [2][-]{subsection.4.4.2}{Sentilo Architecture}{section.4.4}% 180
\BOOKMARK [3][-]{subsubsection.4.4.2.1}{PubSub Server}{subsection.4.4.2}% 181
\BOOKMARK [3][-]{subsubsection.4.4.2.2}{Web Catalog Application}{subsection.4.4.2}% 182
\BOOKMARK [3][-]{subsubsection.4.4.2.3}{Extensions \(Agents\)}{subsection.4.4.2}% 183
\BOOKMARK [2][-]{subsection.4.4.3}{Sentilo structure}{section.4.4}% 184
\BOOKMARK [2][-]{subsection.4.4.4}{Sentilo API}{section.4.4}% 185
\BOOKMARK [1][-]{section.4.5}{Experimentation}{chapter.4}% 186
\BOOKMARK [2][-]{subsection.4.5.1}{Sensor Network}{section.4.5}% 187
\BOOKMARK [3][-]{subsubsection.4.5.1.1}{Border Router}{subsection.4.5.1}% 188
\BOOKMARK [3][-]{subsubsection.4.5.1.2}{Nodes}{subsection.4.5.1}% 189
\BOOKMARK [2][-]{subsection.4.5.2}{Network connector}{section.4.5}% 190
\BOOKMARK [3][-]{subsubsection.4.5.2.1}{Application workflow}{subsection.4.5.2}% 191
\BOOKMARK [3][-]{subsubsection.4.5.2.2}{Sensor registration}{subsection.4.5.2}% 192
\BOOKMARK [3][-]{subsubsection.4.5.2.3}{Sensor data publish}{subsection.4.5.2}% 193
\BOOKMARK [1][-]{section.4.6}{Results}{chapter.4}% 194
\BOOKMARK [2][-]{subsection.4.6.1}{Range}{section.4.6}% 195
\BOOKMARK [2][-]{subsection.4.6.2}{Response time}{section.4.6}% 196
\BOOKMARK [2][-]{subsection.4.6.3}{Connection speed}{section.4.6}% 197
\BOOKMARK [2][-]{subsection.4.6.4}{Power consumption}{section.4.6}% 198
\BOOKMARK [1][-]{section.4.7}{Discussion}{chapter.4}% 199
\BOOKMARK [2][-]{subsection.4.7.1}{Future lines of work}{section.4.7}% 200
\BOOKMARK [0][-]{chapter.5}{x-Long paper}{}% 201
\BOOKMARK [1][-]{section.5.1}{Introduction}{chapter.5}% 202
\BOOKMARK [1][-]{section.5.2}{Related work}{chapter.5}% 203
\BOOKMARK [2][-]{subsection.5.2.1}{LoRa Overview}{section.5.2}% 204
\BOOKMARK [3][-]{subsubsection.5.2.1.1}{Bandwidth \(BW\):}{subsection.5.2.1}% 205
\BOOKMARK [3][-]{subsubsection.5.2.1.2}{Carrier Frequency \(CF\):}{subsection.5.2.1}% 206
\BOOKMARK [3][-]{subsubsection.5.2.1.3}{Coding Rate \(CR\):}{subsection.5.2.1}% 207
\BOOKMARK [3][-]{subsubsection.5.2.1.4}{Spreading Factor \(SF\):}{subsection.5.2.1}% 208
\BOOKMARK [2][-]{subsection.5.2.2}{From Experimental Measurements to Simulations}{section.5.2}% 209
\BOOKMARK [2][-]{subsection.5.2.3}{LoRa Evaluation and Limits}{section.5.2}% 210
\BOOKMARK [2][-]{subsection.5.2.4}{LoRa Network Deployment Strategies}{section.5.2}% 211
\BOOKMARK [1][-]{section.5.3}{Background}{chapter.5}% 212
\BOOKMARK [1][-]{section.5.4}{Approach}{chapter.5}% 213
\BOOKMARK [2][-]{subsection.5.4.1}{Spectrum}{section.5.4}% 214
\BOOKMARK [2][-]{subsection.5.4.2}{LoRa Modulation}{section.5.4}% 215
\BOOKMARK [2][-]{subsection.5.4.3}{Spreading Factors Orthogonality}{section.5.4}% 216
\BOOKMARK [2][-]{subsection.5.4.4}{LoRa SX1276 and SX1301 Transceivers}{section.5.4}% 217
\BOOKMARK [2][-]{subsection.5.4.5}{MAC and Application Layers}{section.5.4}% 218
\BOOKMARK [2][-]{subsection.5.4.6}{Deployment Scenarios}{section.5.4}% 219
\BOOKMARK [1][-]{section.5.5}{Experimentation}{chapter.5}% 220
\BOOKMARK [1][-]{section.5.6}{Results exploitation}{chapter.5}% 221
\BOOKMARK [2][-]{subsection.5.6.1}{Deployment Scenarios and Assumptions}{section.5.6}% 222
\BOOKMARK [2][-]{subsection.5.6.2}{Homogeneous Deployments Scenarios}{section.5.6}% 223
\BOOKMARK [2][-]{subsection.5.6.3}{Heterogeneous vs. Homogeneous Deployment Scenarios}{section.5.6}% 224
\BOOKMARK [2][-]{subsection.5.6.4}{Application Period and Packet Duration vs. ERC Regulations}{section.5.6}% 225
\BOOKMARK [1][-]{section.5.7}{Conclusion}{chapter.5}% 226
\BOOKMARK [0][-]{chapter.6}{Genetic Algorithm For LoRa Transmission Parameter Selection}{}% 227
\BOOKMARK [1][-]{section.6.1}{Introduction}{chapter.6}% 228
\BOOKMARK [1][-]{section.6.2}{Related work}{chapter.6}% 229
\BOOKMARK [1][-]{section.6.3}{Proposed Framework}{chapter.6}% 230
\BOOKMARK [1][-]{section.6.4}{Experimentation}{chapter.6}% 231
\BOOKMARK [1][-]{section.6.5}{Discussion}{chapter.6}% 232
\BOOKMARK [0][-]{chapter.7}{Emergency Evacuation System With LoRa and IEEE.802.15.4 Technologies in a Disaster Use Case}{}% 233
\BOOKMARK [1][-]{section.7.1}{Introduction}{chapter.7}% 234
\BOOKMARK [1][-]{section.7.2}{Related work}{chapter.7}% 235
\BOOKMARK [1][-]{section.7.3}{Background}{chapter.7}% 236
\BOOKMARK [1][-]{section.7.4}{Architecture}{chapter.7}% 237
\BOOKMARK [1][-]{section.7.5}{Conclusion}{chapter.7}% 238
\BOOKMARK [0][-]{chapter.8}{Template}{}% 239
\BOOKMARK [1][-]{section.8.1}{Introduction}{chapter.8}% 240
\BOOKMARK [1][-]{section.8.2}{Related work}{chapter.8}% 241
\BOOKMARK [1][-]{section.8.3}{Background}{chapter.8}% 242
\BOOKMARK [2][-]{subsection.8.3.1}{Hardware}{section.8.3}% 243
\BOOKMARK [2][-]{subsection.8.3.2}{Operating system}{section.8.3}% 244
\BOOKMARK [2][-]{subsection.8.3.3}{Communication protocol}{section.8.3}% 245
\BOOKMARK [2][-]{subsection.8.3.4}{Workspace and tools}{section.8.3}% 246
\BOOKMARK [1][-]{section.8.4}{Approach}{chapter.8}% 247
\BOOKMARK [1][-]{section.8.5}{Experimentation}{chapter.8}% 248
\BOOKMARK [1][-]{section.8.6}{Results exploitation}{chapter.8}% 249
\BOOKMARK [2][-]{subsection.8.6.1}{Range}{section.8.6}% 250
\BOOKMARK [2][-]{subsection.8.6.2}{Response time}{section.8.6}% 251
\BOOKMARK [2][-]{subsection.8.6.3}{Connection speed}{section.8.6}% 252
\BOOKMARK [2][-]{subsection.8.6.4}{Power consumption}{section.8.6}% 253
\BOOKMARK [1][-]{section.8.7}{Conclusion}{chapter.8}% 254
\BOOKMARK [0][-]{chapter.9}{UTLC}{}% 255
\BOOKMARK [1][-]{section.9.1}{Introduction}{chapter.9}% 256
\BOOKMARK [1][-]{section.9.2}{Related work}{chapter.9}% 257
\BOOKMARK [1][-]{section.9.3}{Related work}{chapter.9}% 258
\BOOKMARK [1][-]{section.9.4}{Use Case and Model Design}{chapter.9}% 259
\BOOKMARK [2][-]{subsection.9.4.1}{Use case}{section.9.4}% 260
\BOOKMARK [2][-]{subsection.9.4.2}{Design Model}{section.9.4}% 261
\BOOKMARK [1][-]{section.9.5}{Prototyping}{chapter.9}% 262
\BOOKMARK [2][-]{subsection.9.5.1}{6LoWPAN, Contiki OS, Re-Mote and Border Router}{section.9.5}% 263
\BOOKMARK [2][-]{subsection.9.5.2}{MQTT and UBIDOTS}{section.9.5}% 264
\BOOKMARK [1][-]{section.9.6}{Results}{chapter.9}% 265
\BOOKMARK [1][-]{section.9.7}{Conclusion}{chapter.9}% 266
\BOOKMARK [0][-]{chapter.10}{Conclusion}{}% 267
\BOOKMARK [1][-]{section.10.1}{Conclusion}{chapter.10}% 268
\BOOKMARK [1][-]{section.10.2}{Perspectives}{chapter.10}% 269
\BOOKMARK [0][-]{chapter.11}{Survey Platforms}{}% 270
\BOOKMARK [1][-]{section.11.1}{By Papers ADR}{chapter.11}% 271
\BOOKMARK [2][-]{subsection.11.1.1}{Multi-Armed Bandit}{section.11.1}% 272
\BOOKMARK [2][-]{subsection.11.1.2}{Experiments}{section.11.1}% 273
\BOOKMARK [2][-]{subsection.11.1.3}{Fuzzy}{section.11.1}% 274
\BOOKMARK [2][-]{subsection.11.1.4}{Game}{section.11.1}% 275
\BOOKMARK [2][-]{subsection.11.1.5}{Learning}{section.11.1}% 276
\BOOKMARK [2][-]{subsection.11.1.6}{MCDM}{section.11.1}% 277
\BOOKMARK [2][-]{subsection.11.1.7}{Probability}{section.11.1}% 278
\BOOKMARK [2][-]{subsection.11.1.8}{Utility}{section.11.1}% 279
\BOOKMARK [1][-]{section.11.2}{By Papers Orchestration}{chapter.11}% 280
\BOOKMARK [1][-]{section.11.3}{By Technologies}{chapter.11}% 281
\BOOKMARK [1][-]{section.11.4}{By Paquet}{chapter.11}% 282
\BOOKMARK [2][-]{subsection.11.4.1}{CoAP}{section.11.4}% 283
\BOOKMARK [2][-]{subsection.11.4.2}{MQTT}{section.11.4}% 284
\BOOKMARK [2][-]{subsection.11.4.3}{XMPP}{section.11.4}% 285
\BOOKMARK [2][-]{subsection.11.4.4}{AMQP}{section.11.4}% 286
\BOOKMARK [2][-]{subsection.11.4.5}{DDS}{section.11.4}% 287
\BOOKMARK [2][-]{subsection.11.4.6}{mDNS}{section.11.4}% 288
\BOOKMARK [2][-]{subsection.11.4.7}{Lora}{section.11.4}% 289
\BOOKMARK [1][-]{section.11.5}{By Cloud}{chapter.11}% 290
\BOOKMARK [1][-]{section.11.6}{Divers}{chapter.11}% 291
\BOOKMARK [0][-]{chapter.12}{Management}{}% 292
\BOOKMARK [1][-]{section.12.1}{Les Partenaires}{chapter.12}% 293
\BOOKMARK [2][-]{subsection.12.1.1}{Les Fun club, Clients \(Satisfaction\)}{section.12.1}% 294
\BOOKMARK [3][-]{subsubsection.12.1.1.1}{Exprime leur besoins}{subsection.12.1.1}% 295
\BOOKMARK [3][-]{subsubsection.12.1.1.2}{Exprime leur pouvoir d'achat}{subsection.12.1.1}% 296
\BOOKMARK [2][-]{subsection.12.1.2}{Les Financeurs \(La plus value\)}{section.12.1}% 297
\BOOKMARK [3][-]{subsubsection.12.1.2.1}{Investisseurs/Business angels/zinzin/Venture capitalists/}{subsection.12.1.2}% 298
\BOOKMARK [1][-]{section.12.2}{Comité de pilotage}{chapter.12}% 299
\BOOKMARK [2][-]{subsection.12.2.1}{PDG}{section.12.2}% 300
\BOOKMARK [3][-]{subsubsection.12.2.1.1}{Designer les risques internes -> le chef de projet}{subsection.12.2.1}% 301
\BOOKMARK [3][-]{subsubsection.12.2.1.2}{Designer les risques externes -> comité de pilotage \(4 max\)}{subsection.12.2.1}% 302
\BOOKMARK [3][-]{subsubsection.12.2.1.3}{Frontières: Etablir la lettre de mission}{subsection.12.2.1}% 303
\BOOKMARK [2][-]{subsection.12.2.2}{Directeur RH}{section.12.2}% 304
\BOOKMARK [2][-]{subsection.12.2.3}{Directeur de bureau d'étude}{section.12.2}% 305
\BOOKMARK [2][-]{subsection.12.2.4}{Directeur comercial}{section.12.2}% 306
\BOOKMARK [3][-]{subsubsection.12.2.4.1}{Marketing}{subsection.12.2.4}% 307
\BOOKMARK [2][-]{subsection.12.2.5}{Directeur financier}{section.12.2}% 308
\BOOKMARK [3][-]{subsubsection.12.2.5.1}{Pré d'amorçage}{subsection.12.2.5}% 309
\BOOKMARK [3][-]{subsubsection.12.2.5.2}{Capitale d'amorçage}{subsection.12.2.5}% 310
\BOOKMARK [3][-]{subsubsection.12.2.5.3}{Capitale risque}{subsection.12.2.5}% 311
\BOOKMARK [3][-]{subsubsection.12.2.5.4}{Capitale de développement}{subsection.12.2.5}% 312
\BOOKMARK [3][-]{subsubsection.12.2.5.5}{Credit relais}{subsection.12.2.5}% 313
\BOOKMARK [3][-]{subsubsection.12.2.5.6}{Introduction en bourse}{subsection.12.2.5}% 314
\BOOKMARK [2][-]{subsection.12.2.6}{Directeur technique}{section.12.2}% 315
\BOOKMARK [2][-]{subsection.12.2.7}{Directeur des achats}{section.12.2}% 316
\BOOKMARK [3][-]{subsubsection.12.2.7.1}{Passation des commandes au fournisseurs}{subsection.12.2.7}% 317
\BOOKMARK [2][-]{subsection.12.2.8}{Directeur Recherche inovation et développement}{section.12.2}% 318
\BOOKMARK [1][-]{section.12.3}{Chef de projet \(Cout délai performance\)}{chapter.12}% 319
\BOOKMARK [2][-]{subsection.12.3.1}{Documents}{section.12.3}% 320
\BOOKMARK [3][-]{subsubsection.12.3.1.1}{Lire et signer la lettre de mission}{subsection.12.3.1}% 321
\BOOKMARK [3][-]{subsubsection.12.3.1.2}{Relation avec les fournisseurs}{subsection.12.3.1}% 322
\BOOKMARK [3][-]{subsubsection.12.3.1.3}{Etablir le tableau de bord Quantitatif qualitatif}{subsection.12.3.1}% 323
\BOOKMARK [2][-]{subsection.12.3.2}{Apres}{section.12.3}% 324
\BOOKMARK [3][-]{subsubsection.12.3.2.1}{Decomposer par paquet de risque -> Sous chef de projet par paquet}{subsection.12.3.2}% 325
\BOOKMARK [3][-]{subsubsection.12.3.2.2}{Constitution de l'équipe}{subsection.12.3.2}% 326
\BOOKMARK [3][-]{subsubsection.12.3.2.3}{18 dysfinctionnement majeur -> Méta-règles + lean}{subsection.12.3.2}% 327
\BOOKMARK [0][-]{chapter.13}{Plan d'affaire}{}% 328
\BOOKMARK [1][-]{section.13.1}{D'abord, une page résumé :}{chapter.13}% 329
\BOOKMARK [2][-]{subsection.13.1.1}{marché}{section.13.1}% 330
\BOOKMARK [2][-]{subsection.13.1.2}{produit / service}{section.13.1}% 331
\BOOKMARK [2][-]{subsection.13.1.3}{l'équipe}{section.13.1}% 332
\BOOKMARK [2][-]{subsection.13.1.4}{avantages de l'entreprise}{section.13.1}% 333
\BOOKMARK [2][-]{subsection.13.1.5}{objectifs visés}{section.13.1}% 334
\BOOKMARK [2][-]{subsection.13.1.6}{l'estimation et de la nature des besoins financiers}{section.13.1}% 335
\BOOKMARK [2][-]{subsection.13.1.7}{montant des fonds recherchés}{section.13.1}% 336
\BOOKMARK [2][-]{subsection.13.1.8}{la rentabilité visée}{section.13.1}% 337
\BOOKMARK [2][-]{subsection.13.1.9}{temps de retour sur capital investi}{section.13.1}% 338
\BOOKMARK [2][-]{subsection.13.1.10}{l'image visée pour l'entreprise}{section.13.1}% 339
\BOOKMARK [1][-]{section.13.2}{Présentation du projet :}{chapter.13}% 340
\BOOKMARK [2][-]{subsection.13.2.1}{Historique}{section.13.2}% 341
\BOOKMARK [2][-]{subsection.13.2.2}{Famille de produits / services}{section.13.2}% 342
\BOOKMARK [2][-]{subsection.13.2.3}{Le projet de développement : innovation, croissance externe}{section.13.2}% 343
\BOOKMARK [2][-]{subsection.13.2.4}{Création de l'entreprise : date, nom, forme juridique \(pourquoi\), brevet / licences}{section.13.2}% 344
\BOOKMARK [1][-]{section.13.3}{Le marché :}{chapter.13}% 345
\BOOKMARK [2][-]{subsection.13.3.1}{Concurrence :}{section.13.3}% 346
\BOOKMARK [3][-]{subsubsection.13.3.1.1}{Laquelle ?}{subsection.13.3.1}% 347
\BOOKMARK [3][-]{subsubsection.13.3.1.2}{Quelle place pour une entreprise différente ?}{subsection.13.3.1}% 348
\BOOKMARK [2][-]{subsection.13.3.2}{Études de marché :}{section.13.3}% 349
\BOOKMARK [3][-]{subsubsection.13.3.2.1}{Lesquelles ? Quelles sources ?}{subsection.13.3.2}% 350
\BOOKMARK [3][-]{subsubsection.13.3.2.2}{Quelle confiance leur accorder ?}{subsection.13.3.2}% 351
\BOOKMARK [3][-]{subsubsection.13.3.2.3}{Sont-elles adaptées aux produits nouveaux ?}{subsection.13.3.2}% 352
\BOOKMARK [1][-]{section.13.4}{Le produit / service :}{chapter.13}% 353
\BOOKMARK [2][-]{subsection.13.4.1}{Physique}{section.13.4}% 354
\BOOKMARK [2][-]{subsection.13.4.2}{Fonctionnelle}{section.13.4}% 355
\BOOKMARK [2][-]{subsection.13.4.3}{Technologies}{section.13.4}% 356
\BOOKMARK [2][-]{subsection.13.4.4}{Avantages par rapport à la concurrence}{section.13.4}% 357
\BOOKMARK [2][-]{subsection.13.4.5}{Maîtrise des inconvénients / risques}{section.13.4}% 358
\BOOKMARK [1][-]{section.13.5}{Propriété intellectuelle de l'innovation :}{chapter.13}% 359
\BOOKMARK [2][-]{subsection.13.5.1}{brevet \(s\)}{section.13.5}% 360
\BOOKMARK [2][-]{subsection.13.5.2}{licences exclusives ou non}{section.13.5}% 361
\BOOKMARK [2][-]{subsection.13.5.3}{savoir-faire}{section.13.5}% 362
\BOOKMARK [2][-]{subsection.13.5.4}{qui gère et contrôle la RID}{section.13.5}% 363
\BOOKMARK [2][-]{subsection.13.5.5}{annuités, plan de RID, accès à l'évolution}{section.13.5}% 364
\BOOKMARK [2][-]{subsection.13.5.6}{veille : équipe interne / externe}{section.13.5}% 365
\BOOKMARK [1][-]{section.13.6}{Les objectifs :}{chapter.13}% 366
\BOOKMARK [2][-]{subsection.13.6.1}{Coûts \(investissements / exploitation\)}{section.13.6}% 367
\BOOKMARK [2][-]{subsection.13.6.2}{Délais de conception / fabrication / durée de vie}{section.13.6}% 368
\BOOKMARK [2][-]{subsection.13.6.3}{Performances :}{section.13.6}% 369
\BOOKMARK [3][-]{subsubsection.13.6.3.1}{Parts de marché et fidélisation clientèle}{subsection.13.6.3}% 370
\BOOKMARK [3][-]{subsubsection.13.6.3.2}{Performances du produit / service}{subsection.13.6.3}% 371
\BOOKMARK [3][-]{subsubsection.13.6.3.3}{Rentabilité / ROI / Dividendes}{subsection.13.6.3}% 372
\BOOKMARK [3][-]{subsubsection.13.6.3.4}{RID, veille,}{subsection.13.6.3}% 373
\BOOKMARK [3][-]{subsubsection.13.6.3.5}{Intéressement des salariés}{subsection.13.6.3}% 374
\BOOKMARK [3][-]{subsubsection.13.6.3.6}{Communication}{subsection.13.6.3}% 375
\BOOKMARK [1][-]{section.13.7}{Les risques :}{chapter.13}% 376
\BOOKMARK [2][-]{subsection.13.7.1}{Analyse des risques internes et externes au projet}{section.13.7}% 377
\BOOKMARK [2][-]{subsection.13.7.2}{Moyens de les anticiper et de les maîtriser}{section.13.7}% 378
\BOOKMARK [2][-]{subsection.13.7.3}{Avantages du projet}{section.13.7}% 379
\BOOKMARK [2][-]{subsection.13.7.4}{Inconvénients du projet}{section.13.7}% 380
\BOOKMARK [2][-]{subsection.13.7.5}{Moyens mis en œuvre pour les assurer}{section.13.7}% 381
\BOOKMARK [1][-]{section.13.8}{L'équipe :}{chapter.13}% 382
\BOOKMARK [2][-]{subsection.13.8.1}{Les hommes-clé}{section.13.8}% 383
\BOOKMARK [2][-]{subsection.13.8.2}{L'équipe}{section.13.8}% 384
\BOOKMARK [2][-]{subsection.13.8.3}{La motivation \(intéressement, stock options, …\)}{section.13.8}% 385
\BOOKMARK [2][-]{subsection.13.8.4}{L'état d'esprit visé \(gagnant-gagnant, transparence\)}{section.13.8}% 386
\BOOKMARK [2][-]{subsection.13.8.5}{La communication interne}{section.13.8}% 387
\BOOKMARK [2][-]{subsection.13.8.6}{L'organisation interne}{section.13.8}% 388
\BOOKMARK [2][-]{subsection.13.8.7}{Dynamiser créativité et innovation}{section.13.8}% 389
\BOOKMARK [1][-]{section.13.9}{Le plan de RID :}{chapter.13}% 390
\BOOKMARK [2][-]{subsection.13.9.1}{Les hommes-clés}{section.13.9}% 391
\BOOKMARK [2][-]{subsection.13.9.2}{Le plan}{section.13.9}% 392
\BOOKMARK [2][-]{subsection.13.9.3}{L'organisation}{section.13.9}% 393
\BOOKMARK [2][-]{subsection.13.9.4}{La veille}{section.13.9}% 394
\BOOKMARK [2][-]{subsection.13.9.5}{Les coopérations et la gestion du changement}{section.13.9}% 395
\BOOKMARK [1][-]{section.13.10}{Le plan marketing :}{chapter.13}% 396
\BOOKMARK [2][-]{subsection.13.10.1}{Parts de marché et segmentation}{section.13.10}% 397
\BOOKMARK [2][-]{subsection.13.10.2}{Distribution \(Europe, régionale, locale, hors UE\)}{section.13.10}% 398
\BOOKMARK [2][-]{subsection.13.10.3}{Politique de prix}{section.13.10}% 399
\BOOKMARK [2][-]{subsection.13.10.4}{Administration des ventes}{section.13.10}% 400
\BOOKMARK [2][-]{subsection.13.10.5}{Communication : publicité, promotion, média, site Internet, réseau-relais,}{section.13.10}% 401
\BOOKMARK [2][-]{subsection.13.10.6}{Budgets commerciaux}{section.13.10}% 402
\BOOKMARK [1][-]{section.13.11}{Le plan d'industrialisation :}{chapter.13}% 403
\BOOKMARK [2][-]{subsection.13.11.1}{Qui fabrique et comment ?}{section.13.11}% 404
\BOOKMARK [2][-]{subsection.13.11.2}{Immobilisations et investissements}{section.13.11}% 405
\BOOKMARK [2][-]{subsection.13.11.3}{Sous-traitance, fournisseurs et esprit gagnant-gagnant}{section.13.11}% 406
\BOOKMARK [2][-]{subsection.13.11.4}{Sécurisation des savoir-faire}{section.13.11}% 407
\BOOKMARK [2][-]{subsection.13.11.5}{Logistique}{section.13.11}% 408
\BOOKMARK [2][-]{subsection.13.11.6}{Qualité et contrôle}{section.13.11}% 409
\BOOKMARK [1][-]{section.13.12}{La stratégie résumée :}{chapter.13}% 410
\BOOKMARK [2][-]{subsection.13.12.1}{Pourquoi la stratégie est la meilleure vis à vis des objectifs et contraintes ?}{section.13.12}% 411
\BOOKMARK [2][-]{subsection.13.12.2}{Conséquence en termes :}{section.13.12}% 412
\BOOKMARK [3][-]{subsubsection.13.12.2.1}{de structure juridique}{subsection.13.12.2}% 413
\BOOKMARK [3][-]{subsubsection.13.12.2.2}{de mode de gestion}{subsection.13.12.2}% 414
\BOOKMARK [3][-]{subsubsection.13.12.2.3}{de jalonnement et de contrôle}{subsection.13.12.2}% 415
\BOOKMARK [1][-]{section.13.13}{Le contrôle :}{chapter.13}% 416
\BOOKMARK [2][-]{subsection.13.13.1}{Mettre en place un contrôle "à zoom", ni lourd ni pesant ni inadapté ...}{section.13.13}% 417
\BOOKMARK [2][-]{subsection.13.13.2}{Pas de paralysie de l’équipe de projet}{section.13.13}% 418
\BOOKMARK [2][-]{subsection.13.13.3}{Pas de déresponsabilisation}{section.13.13}% 419
\BOOKMARK [2][-]{subsection.13.13.4}{Un tableau de bord simple}{section.13.13}% 420
\BOOKMARK [1][-]{section.13.14}{Le montage financier et juridique :}{chapter.13}% 421
\BOOKMARK [2][-]{subsection.13.14.1}{Décomposition analytique des ventes à 5 ans}{section.13.14}% 422
\BOOKMARK [2][-]{subsection.13.14.2}{Décomposition analytique effectifs et salaires / an}{section.13.14}% 423
\BOOKMARK [2][-]{subsection.13.14.3}{Charges d'exploitation / an}{section.13.14}% 424
\BOOKMARK [2][-]{subsection.13.14.4}{Immobilisations et investissements}{section.13.14}% 425
\BOOKMARK [2][-]{subsection.13.14.5}{Comptes de résultats prévisionnels}{section.13.14}% 426
\BOOKMARK [2][-]{subsection.13.14.6}{Dont Plan de financement}{section.13.14}% 427
\BOOKMARK [2][-]{subsection.13.14.7}{Et dont Bilans prévisionnels}{section.13.14}% 428
\BOOKMARK [2][-]{subsection.13.14.8}{Plan de trésorerie mensuel à 1 an}{section.13.14}% 429
\BOOKMARK [1][-]{section.13.15}{Marché visé}{chapter.13}% 430
\BOOKMARK [1][-]{section.13.16}{Produit}{chapter.13}% 431
\BOOKMARK [1][-]{section.13.17}{Equpe}{chapter.13}% 432
\BOOKMARK [1][-]{section.13.18}{Avantage de l'entreprise}{chapter.13}% 433
\BOOKMARK [1][-]{section.13.19}{Objectifs}{chapter.13}% 434
\BOOKMARK [1][-]{section.13.20}{Estimation da la nature des besoins financiers}{chapter.13}% 435
\BOOKMARK [1][-]{section.13.21}{Montant des fonds recherchés}{chapter.13}% 436
\BOOKMARK [1][-]{section.13.22}{Temps de retour sur le capital investi}{chapter.13}% 437
\BOOKMARK [1][-]{section.13.23}{Image pour l'entreprise}{chapter.13}% 438
\BOOKMARK [1][-]{section.13.24}{Objectifs quantifiers}{chapter.13}% 439
\BOOKMARK [2][-]{subsection.13.24.1}{Cout}{section.13.24}% 440
\BOOKMARK [3][-]{subsubsection.13.24.1.1}{Investissement}{subsection.13.24.1}% 441
\BOOKMARK [4][-]{paragraph.13.24.1.1.1}{Phase de mise en place}{subsubsection.13.24.1.1}% 442
\BOOKMARK [4][-]{paragraph.13.24.1.1.2}{Phase de conception}{subsubsection.13.24.1.1}% 443
\BOOKMARK [4][-]{paragraph.13.24.1.1.3}{Phase d'évolution}{subsubsection.13.24.1.1}% 444
\BOOKMARK [3][-]{subsubsection.13.24.1.2}{Maintenance}{subsection.13.24.1}% 445
\BOOKMARK [4][-]{paragraph.13.24.1.2.1}{Phase d'exploitation}{subsubsection.13.24.1.2}% 446
\BOOKMARK [4][-]{paragraph.13.24.1.2.2}{Phase de démentalement}{subsubsection.13.24.1.2}% 447
\BOOKMARK [2][-]{subsection.13.24.2}{Délais}{section.13.24}% 448
\BOOKMARK [3][-]{subsubsection.13.24.2.1}{Lancement}{subsection.13.24.2}% 449
\BOOKMARK [4][-]{paragraph.13.24.2.1.1}{Phase de mise en place}{subsubsection.13.24.2.1}% 450
\BOOKMARK [4][-]{paragraph.13.24.2.1.2}{Phase de conception}{subsubsection.13.24.2.1}% 451
\BOOKMARK [4][-]{paragraph.13.24.2.1.3}{Phase d'évolution}{subsubsection.13.24.2.1}% 452
\BOOKMARK [3][-]{subsubsection.13.24.2.2}{Durée de vie}{subsection.13.24.2}% 453
\BOOKMARK [4][-]{paragraph.13.24.2.2.1}{Phase d'exploitation}{subsubsection.13.24.2.2}% 454
\BOOKMARK [4][-]{paragraph.13.24.2.2.2}{Phase de démentalement}{subsubsection.13.24.2.2}% 455
\BOOKMARK [2][-]{subsection.13.24.3}{Performance}{section.13.24}% 456
\BOOKMARK [3][-]{subsubsection.13.24.3.1}{segmentation du marché -> Cahier des charges}{subsection.13.24.3}% 457
\BOOKMARK [1][-]{section.13.25}{Compte prévisionel}{chapter.13}% 458
